
image width: 1311  height: 1735  ppi: 70
tile size: 23  smooth_size: 0  score_fraction: 0.10
Estimating resolution as 189
Detected 345 diacritics
Row ending at (778,1448.28): R=0.21875, dc=14, nc=64, ACCEPTED
Row ending at (758,1422.06): R=0.267857, dc=15, nc=56, ACCEPTED
Row ending at (437,1390.75): R=3, dc=6, nc=2, REJECTED
Row ending at (456,1372.51): R=0.2, dc=4, nc=20, ACCEPTED
Row ending at (457,1348.98): R=0.714286, dc=15, nc=21, ACCEPTED
cleanup_blocks: # rows = 4 / 5
Row ending at (394,1322.06): R=0.684211, dc=13, nc=19, ACCEPTED
Row ending at (299,1301.01): R=3, dc=3, nc=1, REJECTED
cleanup_blocks: # rows = 1 / 2
Row ending at (340,973.179): R=0.388889, dc=7, nc=18, ACCEPTED
Row ending at (444,948.158): R=0.0645161, dc=2, nc=31, ACCEPTED
Row ending at (500,924.215): R=0.0526316, dc=2, nc=38, ACCEPTED
Row ending at (221,896): R=0, dc=0, nc=5, ACCEPTED
Row ending at (336,870.521): R=0.166667, dc=2, nc=12, ACCEPTED
Row ending at (253,845.086): R=0.272727, dc=3, nc=11, ACCEPTED
Row ending at (240,817.778): R=0.4, dc=4, nc=10, ACCEPTED
cleanup_blocks: # rows = 7 / 7
Row ending at (422,717.101): R=0, dc=0, nc=8, ACCEPTED
Row ending at (332,690): R=0, dc=0, nc=1, ACCEPTED
cleanup_blocks: # rows = 2 / 2
Row ending at (524,664.497): R=0.344828, dc=10, nc=29, ACCEPTED
Row ending at (372,638.599): R=0.478261, dc=11, nc=23, ACCEPTED
Row ending at (336,612.807): R=0, dc=0, nc=24, ACCEPTED
Row ending at (754,587.974): R=0.338983, dc=20, nc=59, ACCEPTED
Row ending at (787,560.071): R=0.38983, dc=23, nc=59, ACCEPTED
Row ending at (631,536.141): R=0.510204, dc=25, nc=49, ACCEPTED
Row ending at (516,509.964): R=0.5, dc=21, nc=42, ACCEPTED
Row ending at (542,484.238): R=0.552632, dc=21, nc=38, ACCEPTED
Row ending at (449,458.789): R=0.538462, dc=14, nc=26, ACCEPTED
cleanup_blocks: # rows = 9 / 9
Row ending at (683,408.144): R=0.333333, dc=18, nc=54, ACCEPTED
Row ending at (609,381.883): R=0.37037, dc=20, nc=54, ACCEPTED
cleanup_blocks: # rows = 2 / 2
Row ending at (360,330.965): R=0.030303, dc=1, nc=33, ACCEPTED
cleanup_blocks: # rows = 1 / 1
Row ending at (300,305.334): R=0.117647, dc=2, nc=17, ACCEPTED
Row ending at (420,286): R=0, dc=0, nc=2, ACCEPTED
cleanup_blocks: # rows = 2 / 2
Row ending at (469,254.027): R=0.5, dc=14, nc=28, ACCEPTED
Row ending at (450,228.855): R=0.8, dc=12, nc=15, ACCEPTED
cleanup_blocks: # rows = 2 / 2
Row ending at (449,179): R=1, dc=1, nc=1, ACCEPTED
cleanup_blocks: # rows = 1 / 1
Row ending at (625,118.998): R=0.319149, dc=15, nc=47, ACCEPTED
Row ending at (627,92.8267): R=0, dc=0, nc=55, ACCEPTED
cleanup_blocks: # rows = 2 / 2
cleanup_blocks: # blocks = 11 / 11
Already done word with lang eng at:Bounding box=(53,1717)->(684,1723)
Pass1:   [  [20 ] ]
Processing word with lang eng at:Bounding box=(134,1443)->(778,1471)
Trying word using lang eng, oem 2
Best choice: accepted=0, adaptable=0, done=1 : Lang result : Thanks : R=4.45555, C=-3.12795, F=1, Perm=2, xht=[0,3.40282e+38], ambig=0
pos	NORM	NORM	NORM	NORM	NORM	NORM
str	T	h	a	n	k	s
state:	1 	1 	1 	1 	1 	1 
C	-0.447	-0.193	-0.193	-0.237	-0.223	-0.213
Best choice: accepted=1, adaptable=0, done=1 : Lang result : to : R=0.973711, C=-1.50565, F=1, Perm=2, xht=[0,3.40282e+38], ambig=0
pos	NORM	NORM
str	t	o
state:	1 	1 
C	-0.195	-0.200
Best choice: accepted=1, adaptable=0, done=1 : Lang result : the : R=1.72794, C=-1.50565, F=1, Perm=2, xht=[0,3.40282e+38], ambig=0
pos	NORM	NORM	NORM
str	t	h	e
state:	1 	1 	1 
C	-0.192	-0.195	-0.192
Best choice: accepted=1, adaptable=0, done=1 : Lang result : Schachenmayr : R=7.75597, C=-1.51155, F=1, Perm=2, xht=[0,3.40282e+38], ambig=0
pos	NORM	NORM	NORM	NORM	NORM	NORM	NORM	NORM	NORM	NORM	NORM	NORM
str	S	c	h	a	c	h	e	n	m	a	y	r
state:	1 	1 	1 	1 	1 	1 	1 	1 	1 	1 	1 	1 
C	-0.198	-0.201	-0.192	-0.192	-0.208	-0.193	-0.192	-0.195	-0.197	-0.192	-0.194	-0.216
Best choice: accepted=1, adaptable=0, done=1 : Lang result : Company : R=4.45735, C=-1.59202, F=1, Perm=2, xht=[0,3.40282e+38], ambig=0
pos	NORM	NORM	NORM	NORM	NORM	NORM	NORM
str	C	o	m	p	a	n	y
state:	1 	1 	1 	1 	1 	1 	1 
C	-0.192	-0.194	-0.193	-0.227	-0.196	-0.193	-0.193
Best choice: accepted=0, adaptable=0, done=1 : Lang result : for : R=1.58637, C=-2.65196, F=1, Perm=2, xht=[0,3.40282e+38], ambig=0
pos	NORM	NORM	NORM
str	f	o	r
state:	1 	1 	1 
C	-0.379	-0.192	-0.249
Best choice: accepted=1, adaptable=0, done=1 : Lang result : their : R=2.61325, C=-1.90335, F=1, Perm=2, xht=[0,3.40282e+38], ambig=0
pos	NORM	NORM	NORM	NORM	NORM
str	t	h	e	i	r
state:	1 	1 	1 	1 	1 
C	-0.272	-0.192	-0.193	-0.209	-0.202
Best choice: accepted=1, adaptable=0, done=1 : Lang result : helpful : R=3.51951, C=-1.69914, F=1, Perm=2, xht=[0,3.40282e+38], ambig=0
pos	NORM	NORM	NORM	NORM	NORM	NORM	NORM
str	h	e	l	p	f	u	l
state:	1 	1 	1 	1 	1 	1 	1 
C	-0.200	-0.192	-0.203	-0.194	-0.198	-0.230	-0.192
Best choice: accepted=0, adaptable=0, done=1 : Lang result : support : R=3.96631, C=-2.57681, F=1, Perm=2, xht=[0,3.40282e+38], ambig=0
pos	NORM	NORM	NORM	NORM	NORM	NORM	NORM
str	s	u	p	p	o	r	t
state:	1 	1 	1 	1 	1 	1 	1 
C	-0.193	-0.192	-0.192	-0.368	-0.213	-0.238	-0.235
Best choice: accepted=1, adaptable=0, done=1 : Lang result : of : R=0.963754, C=-2.37462, F=1, Perm=2, xht=[0,3.40282e+38], ambig=0
pos	NORM	NORM
str	o	f
state:	1 	1 
C	-0.196	-0.192
Best choice: accepted=1, adaptable=0, done=1 : Lang result : this : R=2.0334, C=-2.37462, F=1, Perm=2, xht=[0,3.40282e+38], ambig=0
pos	NORM	NORM	NORM	NORM
str	t	h	i	s
state:	1 	1 	1 	1 
C	-0.193	-0.192	-0.307	-0.193
Best choice: accepted=0, adaptable=0, done=1 : Lang result : bool : R=2.23314, C=-2.89968, F=1, Perm=2, xht=[0,3.40282e+38], ambig=0
pos	NORM	NORM	NORM	NORM
str	b	o	o	l
state:	1 	1 	1 	1 
C	-0.414	-0.217	-0.209	-0.220
1 new words better than 0 old words: r: 4.45555 v 0 c: -3.12795 v 0 valid dict: 0 v 0
1 new words better than 0 old words: r: 0.973711 v 0 c: -1.50565 v 0 valid dict: 0 v 0
1 new words better than 0 old words: r: 1.72794 v 0 c: -1.50565 v 0 valid dict: 0 v 0
1 new words better than 0 old words: r: 7.75597 v 0 c: -1.51155 v 0 valid dict: 0 v 0
1 new words better than 0 old words: r: 4.45735 v 0 c: -1.59202 v 0 valid dict: 0 v 0
1 new words better than 0 old words: r: 1.58637 v 0 c: -2.65196 v 0 valid dict: 0 v 0
1 new words better than 0 old words: r: 2.61325 v 0 c: -1.90335 v 0 valid dict: 0 v 0
1 new words better than 0 old words: r: 3.51951 v 0 c: -1.69914 v 0 valid dict: 0 v 0
1 new words better than 0 old words: r: 3.96631 v 0 c: -2.57681 v 0 valid dict: 0 v 0
1 new words better than 0 old words: r: 0.963754 v 0 c: -2.37462 v 0 valid dict: 0 v 0
1 new words better than 0 old words: r: 2.0334 v 0 c: -2.37462 v 0 valid dict: 0 v 0
1 new words better than 0 old words: r: 2.23314 v 0 c: -2.89968 v 0 valid dict: 0 v 0
bool (ocr took 0.05 sec)
Pass1: bool [b [62 ]a o [6f ]a o [6f ]a l [6c ]a ]
Processing word with lang eng at:Bounding box=(136,1406)->(369,1438)
Trying word using lang eng, oem 2
Best choice: accepted=0, adaptable=0, done=1 : Lang result : patterns. : R=6.3025, C=-8.73798, F=1, Perm=2, xht=[0,3.40282e+38], ambig=0
pos	NORM	NORM	NORM	NORM	NORM	NORM	NORM	NORM	NORM
str	p	a	t	t	e	r	n	s	.
state:	1 	1 	1 	1 	1 	1 	1 	1 	1 
C	-0.233	-0.195	-0.412	-1.248	-0.218	-0.491	-0.418	-0.194	-0.448
Best choice: accepted=1, adaptable=0, done=1 : Lang result : The : R=1.54922, C=-1.60679, F=1, Perm=2, xht=[0,3.40282e+38], ambig=0
pos	NORM	NORM	NORM
str	T	h	e
state:	1 	1 	1 
C	-0.201	-0.192	-0.195
Best choice: accepted=1, adaptable=0, done=1 : Lang result : designs : R=3.02352, C=-2.07165, F=1, Perm=2, xht=[0,3.40282e+38], ambig=0
pos	NORM	NORM	NORM	NORM	NORM	NORM	NORM
str	d	e	s	i	g	n	s
state:	1 	1 	1 	1 	1 	1 	1 
C	-0.296	-0.194	-0.192	-0.201	-0.197	-0.200	-0.195
Best choice: accepted=1, adaptable=0, done=1 : Lang result : are : R=1.37299, C=-1.51856, F=1, Perm=2, xht=[0,3.40282e+38], ambig=0
pos	NORM	NORM	NORM
str	a	r	e
state:	1 	1 	1 
C	-0.208	-0.198	-0.201
Best choice: accepted=1, adaptable=0, done=1 : Lang result : by : R=0.430876, C=-1.12288, F=1, Perm=8, xht=[0,3.40282e+38], ambig=0
pos	NORM	NORM
str	b	y
state:	1 	1 
C	-0.088	-0.086
1 new words better than 0 old words: r: 6.3025 v 0 c: -8.73798 v 0 valid dict: 0 v 0
1 new words better than 0 old words: r: 1.54922 v 0 c: -1.60679 v 0 valid dict: 0 v 0
1 new words better than 0 old words: r: 3.02352 v 0 c: -2.07165 v 0 valid dict: 0 v 0
1 new words better than 0 old words: r: 1.37299 v 0 c: -1.51856 v 0 valid dict: 0 v 0
1 new words better than 0 old words: r: 0.430876 v 0 c: -1.12288 v 0 valid dict: 1 v 0
by (ocr took 0.01 sec)
Pass1: by [b [62 ]a y [79 ]a ]
Processing word with lang eng at:Bounding box=(395,1399)->(458,1438)
Trying word using lang eng, oem 2
AD Matches =  . [2e ]p  Unichar-id=55, rating=0.848571, adapted=0, config=28, misses=1, 32 fonts
AD Matches =  \ [5c ]p  Unichar-id=111, rating=0.37769, adapted=0, config=8, misses=2, 32 fonts
x [78 ]a  Unichar-id=61, rating=0.296652, adapted=0, config=22, misses=6, 32 fonts
AD Matches =  . [2e ]p  Unichar-id=55, rating=0.897114, adapted=0, config=28, misses=1, 32 fonts
AD Matches =  | [7c ]  Unichar-id=57, rating=0.924072, adapted=0, config=4, misses=0, 32 fonts
AD Matches =  ~ [7e ]  Unichar-id=103, rating=0.583539, adapted=0, config=22, misses=5, 32 fonts
AD Matches =  ‘ [2018 ]p  Unichar-id=107, rating=0.303659, adapted=0, config=13, misses=1, 32 fonts
AD Matches =  ‘ [2018 ]p  Unichar-id=107, rating=0.398767, adapted=0, config=29, misses=3, 32 fonts
AD Matches =  | [7c ]  Unichar-id=57, rating=0.924072, adapted=0, config=4, misses=0, 32 fonts
AD Matches =  . [2e ]p  Unichar-id=55, rating=0.930009, adapted=0, config=0, misses=1, 32 fonts
AD Matches =  u [75 ]a  Unichar-id=31, rating=0.535675, adapted=0, config=12, misses=2, 32 fonts
” [201d ]p  Unichar-id=109, rating=0.469963, adapted=0, config=12, misses=1, 32 fonts
H [48 ]A  Unichar-id=54, rating=0.462125, adapted=0, config=12, misses=3, 32 fonts
w [77 ]a  Unichar-id=83, rating=0.440956, adapted=0, config=26, misses=3, 32 fonts
“ [201c ]p  Unichar-id=19, rating=0.408241, adapted=0, config=12, misses=1, 32 fonts
ﬁ [fb01 ]a  Unichar-id=108, rating=0.387626, adapted=0, config=12, misses=1, 32 fonts
AD Matches =  m [6d ]a  Unichar-id=11, rating=0.519172, adapted=0, config=21, misses=4, 32 fonts
M [4d ]A  Unichar-id=76, rating=0.501314, adapted=0, config=12, misses=4, 32 fonts
w [77 ]a  Unichar-id=83, rating=0.487668, adapted=0, config=28, misses=4, 32 fonts
“ [201c ]p  Unichar-id=19, rating=0.415136, adapted=0, config=12, misses=4, 32 fonts
AD Matches =  m [6d ]a  Unichar-id=11, rating=0.562432, adapted=0, config=23, misses=7, 32 fonts
M [4d ]A  Unichar-id=76, rating=0.476006, adapted=0, config=21, misses=3, 32 fonts
n [6e ]a  Unichar-id=15, rating=0.445056, adapted=0, config=18, misses=12, 32 fonts
A [41 ]A  Unichar-id=10, rating=0.438091, adapted=0, config=19, misses=6, 32 fonts
N [4e ]A  Unichar-id=39, rating=0.420963, adapted=0, config=28, misses=7, 32 fonts
AD Matches =  u [75 ]a  Unichar-id=31, rating=0.522078, adapted=0, config=26, misses=0, 32 fonts
n [6e ]a  Unichar-id=15, rating=0.468933, adapted=0, config=15, misses=1, 32 fonts
a [61 ]a  Unichar-id=14, rating=0.448336, adapted=0, config=26, misses=2, 32 fonts
“ [201c ]p  Unichar-id=19, rating=0.399117, adapted=0, config=11, misses=1, 32 fonts
AD Matches =  h [68 ]a  Unichar-id=21, rating=0.45626, adapted=0, config=28, misses=5, 32 fonts
b [62 ]a  Unichar-id=32, rating=0.415122, adapted=0, config=29, misses=8, 32 fonts
p [70 ]a  Unichar-id=30, rating=0.402646, adapted=0, config=18, misses=11, 32 fonts
“ [201c ]p  Unichar-id=19, rating=0.361061, adapted=0, config=12, misses=4, 32 fonts
w [77 ]a  Unichar-id=83, rating=0.346905, adapted=0, config=9, misses=5, 32 fonts
B [42 ]A  Unichar-id=59, rating=0.3208, adapted=0, config=21, misses=8, 32 fonts
AD Matches =  w [77 ]a  Unichar-id=83, rating=0.435965, adapted=0, config=17, misses=0, 32 fonts
” [201d ]p  Unichar-id=109, rating=0.407306, adapted=0, config=12, misses=4, 32 fonts
“ [201c ]p  Unichar-id=19, rating=0.357215, adapted=0, config=10, misses=2, 32 fonts
AD Matches =  h [68 ]a  Unichar-id=21, rating=0.614052, adapted=0, config=28, misses=2, 32 fonts
b [62 ]a  Unichar-id=32, rating=0.584142, adapted=0, config=25, misses=5, 32 fonts
L [4c ]A  Unichar-id=94, rating=0.510495, adapted=0, config=9, misses=12, 32 fonts
AD Matches =  u [75 ]a  Unichar-id=31, rating=0.605982, adapted=0, config=12, misses=8, 32 fonts
ﬂ [fb02 ]a  Unichar-id=92, rating=0.57972, adapted=0, config=22, misses=2, 32 fonts
q [71 ]a  Unichar-id=82, rating=0.569942, adapted=0, config=28, misses=9, 32 fonts
d [64 ]a  Unichar-id=23, rating=0.565678, adapted=0, config=22, misses=3, 32 fonts
ﬁ [fb01 ]a  Unichar-id=108, rating=0.543795, adapted=0, config=1, misses=3, 32 fonts
M [4d ]A  Unichar-id=76, rating=0.526406, adapted=0, config=28, misses=0, 32 fonts
A [41 ]A  Unichar-id=10, rating=0.509056, adapted=0, config=20, misses=3, 32 fonts
H [48 ]A  Unichar-id=54, rating=0.508234, adapted=0, config=28, misses=4, 32 fonts
” [201d ]p  Unichar-id=109, rating=0.493829, adapted=0, config=12, misses=2, 32 fonts
N [4e ]A  Unichar-id=39, rating=0.492186, adapted=0, config=28, misses=3, 32 fonts
AD Matches =  u [75 ]a  Unichar-id=31, rating=0.649503, adapted=0, config=28, misses=5, 32 fonts
n [6e ]a  Unichar-id=15, rating=0.640203, adapted=0, config=30, misses=6, 32 fonts
d [64 ]a  Unichar-id=23, rating=0.605505, adapted=0, config=18, misses=0, 32 fonts
ﬂ [fb02 ]a  Unichar-id=92, rating=0.603125, adapted=0, config=29, misses=1, 32 fonts
a [61 ]a  Unichar-id=14, rating=0.60236, adapted=0, config=20, misses=3, 32 fonts
A [41 ]A  Unichar-id=10, rating=0.546058, adapted=0, config=19, misses=5, 32 fonts
J [4a ]A  Unichar-id=85, rating=0.542449, adapted=0, config=22, misses=6, 32 fonts
ﬁ [fb01 ]a  Unichar-id=108, rating=0.52123, adapted=0, config=1, misses=2, 32 fonts
AD Matches =  h [68 ]a  Unichar-id=21, rating=0.743153, adapted=0, config=21, misses=0, 32 fonts
AD Matches =  m [6d ]a  Unichar-id=11, rating=0.563495, adapted=0, config=8, misses=9, 32 fonts
h [68 ]a  Unichar-id=21, rating=0.555426, adapted=0, config=12, misses=4, 32 fonts
u [75 ]a  Unichar-id=31, rating=0.528437, adapted=0, config=28, misses=15, 32 fonts
M [4d ]A  Unichar-id=76, rating=0.500571, adapted=0, config=22, misses=4, 32 fonts
w [77 ]a  Unichar-id=83, rating=0.494145, adapted=0, config=11, misses=14, 32 fonts
N [4e ]A  Unichar-id=39, rating=0.469738, adapted=0, config=28, misses=9, 32 fonts
“ [201c ]p  Unichar-id=19, rating=0.436829, adapted=0, config=12, misses=12, 32 fonts
ﬁ [fb01 ]a  Unichar-id=108, rating=0.429077, adapted=0, config=12, misses=8, 32 fonts
AD Matches =  m [6d ]a  Unichar-id=11, rating=0.621504, adapted=0, config=28, misses=9, 32 fonts
w [77 ]a  Unichar-id=83, rating=0.527044, adapted=0, config=26, misses=11, 32 fonts
¢ [a2 ]  Unichar-id=51, rating=0.511797, adapted=0, config=13, misses=12, 32 fonts
AD Matches =  m [6d ]a  Unichar-id=11, rating=0.538326, adapted=0, config=26, misses=8, 32 fonts
M [4d ]A  Unichar-id=76, rating=0.49616, adapted=0, config=3, misses=9, 32 fonts
AD Matches =  m [6d ]a  Unichar-id=11, rating=0.68428, adapted=0, config=28, misses=8, 32 fonts
AD Matches =  m [6d ]a  Unichar-id=11, rating=0.624536, adapted=0, config=28, misses=7, 32 fonts
w [77 ]a  Unichar-id=83, rating=0.555444, adapted=0, config=20, misses=8, 32 fonts
M [4d ]A  Unichar-id=76, rating=0.513075, adapted=0, config=28, misses=5, 32 fonts
N [4e ]A  Unichar-id=39, rating=0.488012, adapted=0, config=28, misses=9, 32 fonts
W [57 ]A  Unichar-id=45, rating=0.485943, adapted=0, config=2, misses=10, 32 fonts
AD Matches =  m [6d ]a  Unichar-id=11, rating=0.611198, adapted=0, config=28, misses=1, 32 fonts
M [4d ]A  Unichar-id=76, rating=0.610685, adapted=0, config=28, misses=1, 32 fonts
N [4e ]A  Unichar-id=39, rating=0.604233, adapted=0, config=12, misses=2, 32 fonts
w [77 ]a  Unichar-id=83, rating=0.530593, adapted=0, config=12, misses=4, 32 fonts
AD Matches =  m [6d ]a  Unichar-id=11, rating=0.477468, adapted=0, config=20, misses=11, 32 fonts
w [77 ]a  Unichar-id=83, rating=0.449448, adapted=0, config=3, misses=9, 32 fonts
« [ab ]p  Unichar-id=84, rating=0.40803, adapted=0, config=26, misses=11, 32 fonts
4 [34 ]0  Unichar-id=74, rating=0.403291, adapted=0, config=21, misses=15, 32 fonts
¢ [a2 ]  Unichar-id=51, rating=0.353536, adapted=0, config=29, misses=13, 32 fonts
A [41 ]A  Unichar-id=10, rating=0.346121, adapted=0, config=20, misses=15, 32 fonts
@ [40 ]p  Unichar-id=49, rating=0.340279, adapted=0, config=28, misses=7, 32 fonts
J [4a ]A  Unichar-id=85, rating=0.339923, adapted=0, config=23, misses=12, 32 fonts
AD Matches =  m [6d ]a  Unichar-id=11, rating=0.617048, adapted=0, config=28, misses=8, 32 fonts
w [77 ]a  Unichar-id=83, rating=0.610315, adapted=0, config=3, misses=6, 32 fonts
N [4e ]A  Unichar-id=39, rating=0.536295, adapted=0, config=28, misses=10, 32 fonts
u [75 ]a  Unichar-id=31, rating=0.518767, adapted=0, config=12, misses=11, 32 fonts
M [4d ]A  Unichar-id=76, rating=0.513087, adapted=0, config=28, misses=6, 32 fonts
AD Matches =  m [6d ]a  Unichar-id=11, rating=0.514872, adapted=0, config=28, misses=12, 32 fonts
w [77 ]a  Unichar-id=83, rating=0.510462, adapted=0, config=12, misses=13, 32 fonts
W [57 ]A  Unichar-id=45, rating=0.491335, adapted=0, config=28, misses=13, 32 fonts
M [4d ]A  Unichar-id=76, rating=0.463537, adapted=0, config=3, misses=12, 32 fonts
% [25 ]p  Unichar-id=5, rating=0.369482, adapted=0, config=25, misses=15, 32 fonts
AD Matches =  w [77 ]a  Unichar-id=83, rating=0.471879, adapted=0, config=14, misses=16, 32 fonts
m [6d ]a  Unichar-id=11, rating=0.448237, adapted=0, config=9, misses=12, 32 fonts
AD Matches =  m [6d ]a  Unichar-id=11, rating=0.547572, adapted=0, config=24, misses=9, 32 fonts
M [4d ]A  Unichar-id=76, rating=0.533078, adapted=0, config=21, misses=6, 32 fonts
w [77 ]a  Unichar-id=83, rating=0.520808, adapted=0, config=28, misses=9, 32 fonts
N [4e ]A  Unichar-id=39, rating=0.472978, adapted=0, config=28, misses=11, 32 fonts
u [75 ]a  Unichar-id=31, rating=0.441019, adapted=0, config=12, misses=19, 32 fonts
H [48 ]A  Unichar-id=54, rating=0.425901, adapted=0, config=12, misses=16, 32 fonts
ﬂ [fb02 ]a  Unichar-id=92, rating=0.415171, adapted=0, config=29, misses=16, 32 fonts
ﬁ [fb01 ]a  Unichar-id=108, rating=0.405584, adapted=0, config=1, misses=11, 32 fonts
Final Ratings Matrix:
Ratings Matrix (top 3 choices)
col=0 row=0 ’ rat=3.18002 cert=-3.02859 
col=0 row=1 T rat=18.759 cert=-10.8748 ] rat=20.1783 cert=-11.6976 P rat=20.6087 cert=-11.9471 / rat=22.0434 cert=-12.7788 ¢ rat=22.5318 cert=-13.0619 ™ rat=23.4324 cert=-13.584 
col=0 row=2 N rat=20.9953 cert=-7.77604 % rat=21.023 cert=-7.78631 W rat=21.3714 cert=-7.91533 ¢ rat=25.348 cert=-9.38814 
col=0 row=3 N rat=39.3612 cert=-9.04855 % rat=40.6222 cert=-9.33844 ¢ rat=41.6897 cert=-9.58385 W rat=45.8509 cert=-10.5404 [ rat=48.6313 cert=-11.1796 & rat=49.9466 cert=-11.482 e rat=50.8801 cert=-11.6966 x rat=51.7142 cert=-11.8883 

col=1 row=1 é rat=8.40118 cert=-12.4462 | rat=9.4952 cert=-14.067 
col=1 row=2 ¢ rat=18.6132 cert=-11.2807 y rat=19.5589 cert=-11.8539 / rat=21.2119 cert=-12.8557 
col=1 row=3 N rat=34.4871 cert=-10.4506 ¢ rat=36.3364 cert=-11.011 ‘ rat=39.07 cert=-11.8394 » rat=39.3828 cert=-11.9342 Z rat=42.6666 cert=-12.9293 K rat=43.156 cert=-13.0776 J rat=43.5416 cert=-13.1944 i rat=43.5651 cert=-13.2015 
col=1 row=4 ¢ rat=41.9857 cert=-10.5624 N rat=43.8652 cert=-11.0353 

col=2 row=2 ’ rat=1.85195 cert=-2.05772 
col=2 row=3 [ rat=17.8754 cert=-7.00994 5 rat=18.3497 cert=-7.19595 O rat=20.1193 cert=-7.8899 e rat=20.2406 cert=-7.9375 8 rat=20.2796 cert=-7.9528 K rat=23.151 cert=-9.07884 i rat=23.3351 cert=-9.15103 x rat=24.4173 cert=-9.5754 
col=2 row=4 N rat=24.413 cert=-7.56991 ¢ rat=30.5057 cert=-9.45912 Z rat=31.4891 cert=-9.76406 
col=2 row=5 N rat=38.7806 cert=-9.23347 % rat=42.3225 cert=-10.0768 
col=2 row=6 N rat=50.9385 cert=-9.70257 ¢ rat=51.4015 cert=-9.79076 X rat=53.4098 cert=-10.1733 % rat=56.3286 cert=-10.7293 E rat=66.2044 cert=-12.6104 

col=3 row=3 _ rat=2.50562 cert=-1.51855 
col=3 row=4 T rat=17.9466 cert=-7.71897 ] rat=19.3374 cert=-8.31716 o rat=22.762 cert=-9.79009 
col=3 row=5 N rat=28.8094 cert=-8.73011 T rat=29.3419 cert=-8.89149 [ rat=31.1232 cert=-9.43127 % rat=32.9623 cert=-9.98858 ¢ rat=33.3864 cert=-10.1171 W rat=34.9973 cert=-10.6052 / rat=37.1693 cert=-11.2634 x rat=37.6809 cert=-11.4185 
col=3 row=6 N rat=32.6654 cert=-7.50929 ¢ rat=38.6764 cert=-8.89112 % rat=42.3624 cert=-9.73849 W rat=44.543 cert=-10.2398 X rat=44.723 cert=-10.2811 

col=4 row=4 r rat=5.62222 cert=-8.32921 
col=4 row=5 [ rat=15.7714 cert=-9.55845 5 rat=17.5252 cert=-10.6213 8 rat=18.2049 cert=-11.0333 / rat=19.8291 cert=-12.0177 
col=4 row=6 N rat=25.9647 cert=-9.61657 % rat=26.9291 cert=-9.97373 ¢ rat=27.6659 cert=-10.2466 / rat=31.5827 cert=-11.6973 
col=4 row=7 N rat=33.3168 cert=-7.65903 ¢ rat=33.9026 cert=-7.79371 W rat=40.3424 cert=-9.2741 [ rat=41.8673 cert=-9.62467 % rat=42.3615 cert=-9.73827 

col=5 row=5 k rat=13.5786 cert=-13.9268 
col=5 row=6 [ rat=18.8052 cert=-9.28651 y rat=21.4665 cert=-10.6007 & rat=21.7839 cert=-10.7575 ¢ rat=22.6413 cert=-11.1809 / rat=23.9663 cert=-11.8352 x rat=24.8012 cert=-12.2475 / rat=26.2045 cert=-12.9757 
col=5 row=7 N rat=32.1613 cert=-8.75137 % rat=38.5136 cert=-10.4799 5 rat=40.7884 cert=-11.0989 K rat=41.3003 cert=-11.2382 W rat=42.5592 cert=-11.5807 

col=6 row=6 k rat=12.6259 cert=-12.0247 
col=6 row=7 [ rat=21.277 cert=-7.88035 e rat=22.6951 cert=-8.4056 ¥ rat=23.2231 cert=-8.60115 O rat=23.4534 cert=-8.68644 x rat=24.6351 cert=-9.12409 % rat=25.5741 cert=-9.47189 K rat=26.511 cert=-9.81889 & rat=26.5553 cert=-9.83531 y rat=27.3332 cert=-10.1234 W rat=27.4219 cert=-10.1563 
col=6 row=8 N rat=22.7318 cert=-6.3144 

col=7 row=7 _ rat=2.50562 cert=-1.51855 
col=7 row=8 T rat=13.0992 cert=-5.13694 

col=8 row=8 ’ rat=1.25983 cert=-1.39981 


	0	1	2	3	4	5	6	7	8
0	’ 	
1	T ] P 	é | 	
2	N % W 	¢ y / 	’ 	
3	N % ¢ 	N ¢ ‘ 	[ 5 O 	_ 	
4	 	¢ N 	N ¢ Z 	T ] o 	r 	
5	 	 	N % 	N T [ 	[ 5 8 	k 	
6	 	 	N ¢ X 	N ¢ % 	N % ¢ 	[ y & 	k 	
7	 	 	 	 	N ¢ W 	N % 5 	[ e ¥ 	_ 	
8	 	 	 	 	 	 	N 	T 	’ 	
set_done(): done=0
 : .\.|~u|. : R=73.6998, C=-12.4462, F=1.75, Perm=2, xht=[0,32767], ambig=0
pos	NORM	NORM	NORM	NORM	NORM	NORM	NORM	NORM
str	.	\	.	|	~	u	|	.
state:	1 	1 	1 	1 	1 	2 	1 	1 
C	-3.029	-12.446	-2.058	-1.519	-8.329	-9.287	-1.519	-1.400
Permuter Type = 2
Certainty: -12.446193     Rating: 73.699783
Dict word: 0
Running word_adaptable() for .\.|~u|. rating 73.6998 certainty -12.4462
tess_would_adapt bit is false
tess_accepted bit is false
Best choice: accepted=0, adaptable=0, done=0 : Lang result : .\.|~u|. : R=73.6998, C=-12.4462, F=1.75, Perm=2, xht=[0,32767], ambig=0
pos	NORM	NORM	NORM	NORM	NORM	NORM	NORM	NORM
str	.	\	.	|	~	u	|	.
state:	1 	1 	1 	1 	1 	2 	1 	1 
C	-3.029	-12.446	-2.058	-1.519	-8.329	-9.287	-1.519	-1.400
1 new words better than 0 old words: r: 73.6998 v 0 c: -12.4462 v 0 valid dict: 0 v 0
.\.|~u|. (ocr took 0.01 sec)
Pass1: .\.|~u|. [. [2e ]p \ [5c ]p . [2e ]p | [7c ] ~ [7e ] u [75 ]a | [7c ] . [2e ]p ]
Processing word with lang eng at:Bounding box=(463,1406)->(542,1438)
Trying word using lang eng, oem 2
Best choice: accepted=0, adaptable=0, done=1 : Lang result : Kopff : R=3.0603, C=-4.08072, F=1, Perm=2, xht=[0,3.40282e+38], ambig=0
pos	NORM	NORM	NORM	NORM	NORM
str	K	o	p	f	f
state:	1 	1 	1 	1 	1 
C	-0.199	-0.276	-0.194	-0.228	-0.583
Best choice: accepted=1, adaptable=0, done=1 : Lang result : (1) : R=0.874135, C=-1.55926, F=1, Perm=8, xht=[0,3.40282e+38], ambig=0
pos	NORM	NORM	NORM
str	(	1	)
state:	1 	1 	1 
C	-0.087	-0.090	-0.223
1 new words better than 0 old words: r: 3.0603 v 0 c: -4.08072 v 0 valid dict: 0 v 0
1 new words better than 0 old words: r: 0.874135 v 0 c: -1.55926 v 0 valid dict: 1 v 0
(1) (ocr took 0.01 sec)
Pass1: (1) [( [28 ]p 1 [31 ]0 ) [29 ]p ]
Processing word with lang eng at:Bounding box=(546,1401)->(727,1438)
Trying word using lang eng, oem 2
AD Matches =  d [64 ]a  Unichar-id=23, rating=0.540887, adapted=0, config=18, misses=3, 32 fonts
a [61 ]a  Unichar-id=14, rating=0.537319, adapted=0, config=30, misses=3, 32 fonts
ﬂ [fb02 ]a  Unichar-id=92, rating=0.473788, adapted=0, config=5, misses=1, 32 fonts
g [67 ]a  Unichar-id=42, rating=0.454032, adapted=0, config=29, misses=2, 32 fonts
& [26 ]p  Unichar-id=60, rating=0.410751, adapted=0, config=23, misses=2, 32 fonts
AD Matches =  . [2e ]p  Unichar-id=55, rating=0.848455, adapted=0, config=28, misses=1, 32 fonts
AD Matches =  , [2c ]p  Unichar-id=17, rating=0.525406, adapted=0, config=0, misses=7, 32 fonts
1 [31 ]0  Unichar-id=16, rating=0.495258, adapted=0, config=17, misses=0, 32 fonts
\ [5c ]p  Unichar-id=111, rating=0.437277, adapted=0, config=19, misses=6, 32 fonts
) [29 ]p  Unichar-id=66, rating=0.430988, adapted=0, config=25, misses=3, 32 fonts
x [78 ]a  Unichar-id=61, rating=0.425098, adapted=0, config=25, misses=8, 32 fonts
] [5d ]p  Unichar-id=52, rating=0.420374, adapted=0, config=4, misses=3, 32 fonts
} [7d ]p  Unichar-id=69, rating=0.417035, adapted=0, config=4, misses=1, 32 fonts
‘ [2018 ]p  Unichar-id=107, rating=0.414877, adapted=0, config=30, misses=1, 32 fonts
l [6c ]a  Unichar-id=33, rating=0.408566, adapted=0, config=18, misses=6, 32 fonts
I [49 ]A  Unichar-id=28, rating=0.386374, adapted=0, config=0, misses=2, 32 fonts
AD Matches =  ~ [7e ]  Unichar-id=103, rating=0.297363, adapted=0, config=26, misses=3, 32 fonts
k [6b ]a  Unichar-id=48, rating=0.25193, adapted=0, config=29, misses=1, 32 fonts
‘ [2018 ]p  Unichar-id=107, rating=0.241028, adapted=0, config=13, misses=4, 32 fonts
x [78 ]a  Unichar-id=61, rating=0.228798, adapted=0, config=25, misses=4, 32 fonts
t [74 ]a  Unichar-id=37, rating=0.219742, adapted=0, config=12, misses=2, 32 fonts
AD Matches =  | [7c ]  Unichar-id=57, rating=0.853979, adapted=0, config=31, misses=6, 32 fonts
l [6c ]a  Unichar-id=33, rating=0.783223, adapted=0, config=28, misses=0, 32 fonts
I [49 ]A  Unichar-id=28, rating=0.776905, adapted=0, config=0, misses=0, 32 fonts
[ [5b ]p  Unichar-id=50, rating=0.718978, adapted=0, config=18, misses=0, 32 fonts
i [69 ]a  Unichar-id=12, rating=0.713063, adapted=0, config=29, misses=0, 32 fonts
AD Matches =  n [6e ]a  Unichar-id=15, rating=0.772094, adapted=0, config=28, misses=2, 32 fonts
B [42 ]A  Unichar-id=59, rating=0.689376, adapted=0, config=18, misses=2, 32 fonts
ﬂ [fb02 ]a  Unichar-id=92, rating=0.657413, adapted=0, config=12, misses=4, 32 fonts
R [52 ]A  Unichar-id=58, rating=0.637653, adapted=0, config=8, misses=1, 32 fonts
ﬁ [fb01 ]a  Unichar-id=108, rating=0.632656, adapted=0, config=14, misses=2, 32 fonts
AD Matches =  . [2e ]p  Unichar-id=55, rating=0.772107, adapted=0, config=28, misses=3, 32 fonts
| [7c ]  Unichar-id=57, rating=0.642554, adapted=0, config=28, misses=1, 32 fonts
AD Matches =  r [72 ]a  Unichar-id=8, rating=0.606563, adapted=0, config=21, misses=0, 32 fonts
f [66 ]a  Unichar-id=38, rating=0.531608, adapted=0, config=18, misses=0, 32 fonts
: [3a ]p  Unichar-id=78, rating=0.521599, adapted=0, config=0, misses=3, 32 fonts
; [3b ]p  Unichar-id=89, rating=0.510484, adapted=0, config=25, misses=3, 32 fonts
y [79 ]a  Unichar-id=9, rating=0.490925, adapted=0, config=30, misses=2, 32 fonts
{ [7b ]p  Unichar-id=68, rating=0.490807, adapted=0, config=27, misses=0, 32 fonts
[ [5b ]p  Unichar-id=50, rating=0.482205, adapted=0, config=29, misses=1, 32 fonts
( [28 ]p  Unichar-id=18, rating=0.460039, adapted=0, config=26, misses=0, 32 fonts
AD Matches =  h [68 ]a  Unichar-id=21, rating=0.617051, adapted=0, config=21, misses=2, 32 fonts
b [62 ]a  Unichar-id=32, rating=0.592536, adapted=0, config=18, misses=5, 32 fonts
k [6b ]a  Unichar-id=48, rating=0.487338, adapted=0, config=18, misses=5, 32 fonts
AD Matches =  \ [5c ]p  Unichar-id=111, rating=0.582541, adapted=0, config=19, misses=4, 32 fonts
‘ [2018 ]p  Unichar-id=107, rating=0.555838, adapted=0, config=30, misses=0, 32 fonts
AD Matches =  r [72 ]a  Unichar-id=8, rating=0.597523, adapted=0, config=21, misses=0, 32 fonts
f [66 ]a  Unichar-id=38, rating=0.530119, adapted=0, config=18, misses=0, 32 fonts
: [3a ]p  Unichar-id=78, rating=0.521196, adapted=0, config=14, misses=3, 32 fonts
, [2c ]p  Unichar-id=17, rating=0.499919, adapted=0, config=12, misses=3, 32 fonts
{ [7b ]p  Unichar-id=68, rating=0.492796, adapted=0, config=27, misses=0, 32 fonts
y [79 ]a  Unichar-id=9, rating=0.489945, adapted=0, config=30, misses=2, 32 fonts
[ [5b ]p  Unichar-id=50, rating=0.477949, adapted=0, config=29, misses=1, 32 fonts
( [28 ]p  Unichar-id=18, rating=0.459885, adapted=0, config=26, misses=0, 32 fonts
l [6c ]a  Unichar-id=33, rating=0.450592, adapted=0, config=29, misses=0, 32 fonts
AD Matches =  . [2e ]p  Unichar-id=55, rating=0.78161, adapted=0, config=0, misses=3, 32 fonts
| [7c ]  Unichar-id=57, rating=0.649001, adapted=0, config=28, misses=0, 32 fonts
AD Matches =  s [73 ]a  Unichar-id=35, rating=0.634545, adapted=0, config=29, misses=5, 32 fonts
x [78 ]a  Unichar-id=61, rating=0.562879, adapted=0, config=8, misses=3, 32 fonts
AD Matches =  . [2e ]p  Unichar-id=55, rating=0.784387, adapted=0, config=28, misses=6, 32 fonts
AD Matches =  | [7c ]  Unichar-id=57, rating=0.732959, adapted=0, config=31, misses=8, 32 fonts
l [6c ]a  Unichar-id=33, rating=0.686548, adapted=0, config=22, misses=0, 32 fonts
n [6e ]a  Unichar-id=15, rating=0.683064, adapted=0, config=29, misses=3, 32 fonts
1 [31 ]0  Unichar-id=16, rating=0.657556, adapted=0, config=18, misses=0, 32 fonts
! [21 ]p  Unichar-id=47, rating=0.648431, adapted=0, config=1, misses=0, 32 fonts
a [61 ]a  Unichar-id=14, rating=0.633841, adapted=0, config=28, misses=1, 32 fonts
t [74 ]a  Unichar-id=37, rating=0.621535, adapted=0, config=14, misses=3, 32 fonts
» [bb ]p  Unichar-id=99, rating=0.618803, adapted=0, config=27, misses=4, 32 fonts
r [72 ]a  Unichar-id=8, rating=0.613298, adapted=0, config=29, misses=3, 32 fonts
i [69 ]a  Unichar-id=12, rating=0.612761, adapted=0, config=12, misses=0, 32 fonts
AD Matches =  \ [5c ]p  Unichar-id=111, rating=0.604375, adapted=0, config=19, misses=2, 32 fonts
‘ [2018 ]p  Unichar-id=107, rating=0.573321, adapted=0, config=8, misses=0, 32 fonts
AD Matches =  r [72 ]a  Unichar-id=8, rating=0.606563, adapted=0, config=21, misses=0, 32 fonts
f [66 ]a  Unichar-id=38, rating=0.531608, adapted=0, config=18, misses=0, 32 fonts
: [3a ]p  Unichar-id=78, rating=0.521599, adapted=0, config=0, misses=3, 32 fonts
; [3b ]p  Unichar-id=89, rating=0.510484, adapted=0, config=25, misses=3, 32 fonts
y [79 ]a  Unichar-id=9, rating=0.490925, adapted=0, config=30, misses=2, 32 fonts
{ [7b ]p  Unichar-id=68, rating=0.490807, adapted=0, config=27, misses=0, 32 fonts
[ [5b ]p  Unichar-id=50, rating=0.482205, adapted=0, config=29, misses=1, 32 fonts
( [28 ]p  Unichar-id=18, rating=0.460039, adapted=0, config=26, misses=0, 32 fonts
AD Matches =  g [67 ]a  Unichar-id=42, rating=0.431151, adapted=0, config=25, misses=0, 32 fonts
‘ [2018 ]p  Unichar-id=107, rating=0.395389, adapted=0, config=17, misses=0, 32 fonts
& [26 ]p  Unichar-id=60, rating=0.343036, adapted=0, config=29, misses=0, 32 fonts
AD Matches =  y [79 ]a  Unichar-id=9, rating=0.728904, adapted=0, config=29, misses=5, 32 fonts
v [76 ]a  Unichar-id=7, rating=0.725893, adapted=0, config=18, misses=0, 32 fonts
V [56 ]A  Unichar-id=29, rating=0.657843, adapted=0, config=18, misses=0, 32 fonts
AD Matches =  k [6b ]a  Unichar-id=48, rating=0.316106, adapted=0, config=25, misses=3, 32 fonts
& [26 ]p  Unichar-id=60, rating=0.29865, adapted=0, config=25, misses=1, 32 fonts
‘ [2018 ]p  Unichar-id=107, rating=0.291851, adapted=0, config=9, misses=1, 32 fonts
AD Matches =  r [72 ]a  Unichar-id=8, rating=0.625282, adapted=0, config=22, misses=0, 32 fonts
f [66 ]a  Unichar-id=38, rating=0.557861, adapted=0, config=22, misses=1, 32 fonts
w [77 ]a  Unichar-id=83, rating=0.545945, adapted=0, config=25, misses=0, 32 fonts
v [76 ]a  Unichar-id=7, rating=0.541203, adapted=0, config=30, misses=1, 32 fonts
' [27 ]p  Unichar-id=93, rating=0.520057, adapted=0, config=8, misses=1, 32 fonts
: [3a ]p  Unichar-id=78, rating=0.515879, adapted=0, config=14, misses=6, 32 fonts
1 [31 ]0  Unichar-id=16, rating=0.482553, adapted=0, config=23, misses=0, 32 fonts
AD Matches =  t [74 ]a  Unichar-id=37, rating=0.6477, adapted=0, config=29, misses=3, 32 fonts
r [72 ]a  Unichar-id=8, rating=0.634299, adapted=0, config=29, misses=8, 32 fonts
& [26 ]p  Unichar-id=60, rating=0.550368, adapted=0, config=22, misses=1, 32 fonts
k [6b ]a  Unichar-id=48, rating=0.542817, adapted=0, config=18, misses=3, 32 fonts
AD Matches =  ‘ [2018 ]p  Unichar-id=107, rating=0.491851, adapted=0, config=8, misses=0, 32 fonts
\ [5c ]p  Unichar-id=111, rating=0.481838, adapted=0, config=2, misses=1, 32 fonts
AD Matches =  ‘ [2018 ]p  Unichar-id=107, rating=0.447095, adapted=0, config=21, misses=0, 32 fonts
( [28 ]p  Unichar-id=18, rating=0.402901, adapted=0, config=25, misses=0, 32 fonts
1 [31 ]0  Unichar-id=16, rating=0.341575, adapted=0, config=15, misses=0, 32 fonts
t [74 ]a  Unichar-id=37, rating=0.340865, adapted=0, config=2, misses=0, 32 fonts
AD Matches =  , [2c ]p  Unichar-id=17, rating=0.643162, adapted=0, config=1, misses=0, 32 fonts
; [3b ]p  Unichar-id=89, rating=0.560976, adapted=0, config=14, misses=2, 32 fonts
AD Matches =  r [72 ]a  Unichar-id=8, rating=0.820772, adapted=0, config=17, misses=1, 32 fonts
f [66 ]a  Unichar-id=38, rating=0.673696, adapted=0, config=13, misses=4, 32 fonts
AD Matches =  \ [5c ]p  Unichar-id=111, rating=0.632657, adapted=0, config=16, misses=7, 32 fonts
x [78 ]a  Unichar-id=61, rating=0.555243, adapted=0, config=14, misses=10, 32 fonts
a [61 ]a  Unichar-id=14, rating=0.539127, adapted=0, config=18, misses=5, 32 fonts
‘ [2018 ]p  Unichar-id=107, rating=0.519108, adapted=0, config=9, misses=2, 32 fonts
AD Matches =  h [68 ]a  Unichar-id=21, rating=0.533169, adapted=0, config=18, misses=2, 32 fonts
n [6e ]a  Unichar-id=15, rating=0.503032, adapted=0, config=17, misses=3, 32 fonts
u [75 ]a  Unichar-id=31, rating=0.473677, adapted=0, config=28, misses=2, 32 fonts
“ [201c ]p  Unichar-id=19, rating=0.448422, adapted=0, config=12, misses=1, 32 fonts
k [6b ]a  Unichar-id=48, rating=0.42893, adapted=0, config=22, misses=3, 32 fonts
H [48 ]A  Unichar-id=54, rating=0.392659, adapted=0, config=0, misses=2, 32 fonts
AD Matches =  u [75 ]a  Unichar-id=31, rating=0.68607, adapted=0, config=1, misses=0, 32 fonts
a [61 ]a  Unichar-id=14, rating=0.591041, adapted=0, config=15, misses=1, 32 fonts
q [71 ]a  Unichar-id=82, rating=0.584589, adapted=0, config=28, misses=0, 32 fonts
AD Matches =  u [75 ]a  Unichar-id=31, rating=0.55478, adapted=0, config=19, misses=2, 32 fonts
n [6e ]a  Unichar-id=15, rating=0.537917, adapted=0, config=15, misses=2, 32 fonts
m [6d ]a  Unichar-id=11, rating=0.532775, adapted=0, config=8, misses=2, 32 fonts
“ [201c ]p  Unichar-id=19, rating=0.525527, adapted=0, config=17, misses=0, 32 fonts
R [52 ]A  Unichar-id=58, rating=0.515893, adapted=0, config=28, misses=3, 32 fonts
K [4b ]A  Unichar-id=43, rating=0.498706, adapted=0, config=29, misses=3, 32 fonts
k [6b ]a  Unichar-id=48, rating=0.495246, adapted=0, config=18, misses=2, 32 fonts
a [61 ]a  Unichar-id=14, rating=0.467029, adapted=0, config=14, misses=3, 32 fonts
h [68 ]a  Unichar-id=21, rating=0.464592, adapted=0, config=27, misses=4, 32 fonts
ﬂ [fb02 ]a  Unichar-id=92, rating=0.462733, adapted=0, config=21, misses=2, 32 fonts
AD Matches =  m [6d ]a  Unichar-id=11, rating=0.63785, adapted=0, config=15, misses=0, 32 fonts
AD Matches =  m [6d ]a  Unichar-id=11, rating=0.594053, adapted=0, config=28, misses=11, 32 fonts
h [68 ]a  Unichar-id=21, rating=0.59404, adapted=0, config=12, misses=3, 32 fonts
M [4d ]A  Unichar-id=76, rating=0.547136, adapted=0, config=21, misses=4, 32 fonts
w [77 ]a  Unichar-id=83, rating=0.480216, adapted=0, config=11, misses=10, 32 fonts
N [4e ]A  Unichar-id=39, rating=0.469415, adapted=0, config=28, misses=12, 32 fonts
“ [201c ]p  Unichar-id=19, rating=0.449568, adapted=0, config=12, misses=5, 32 fonts
AD Matches =  m [6d ]a  Unichar-id=11, rating=0.562057, adapted=0, config=29, misses=14, 32 fonts
w [77 ]a  Unichar-id=83, rating=0.48856, adapted=0, config=27, misses=10, 32 fonts
¢ [a2 ]  Unichar-id=51, rating=0.485856, adapted=0, config=28, misses=11, 32 fonts
AD Matches =  u [75 ]a  Unichar-id=31, rating=0.676909, adapted=0, config=18, misses=0, 32 fonts
" [22 ]p  Unichar-id=44, rating=0.655855, adapted=0, config=1, misses=0, 32 fonts
n [6e ]a  Unichar-id=15, rating=0.647903, adapted=0, config=18, misses=1, 32 fonts
“ [201c ]p  Unichar-id=19, rating=0.642776, adapted=0, config=30, misses=0, 32 fonts
H [48 ]A  Unichar-id=54, rating=0.592541, adapted=0, config=29, misses=0, 32 fonts
w [77 ]a  Unichar-id=83, rating=0.577241, adapted=0, config=29, misses=0, 32 fonts
” [201d ]p  Unichar-id=109, rating=0.558105, adapted=0, config=12, misses=1, 32 fonts
ﬂ [fb02 ]a  Unichar-id=92, rating=0.550537, adapted=0, config=18, misses=1, 32 fonts
AD Matches =  M [4d ]A  Unichar-id=76, rating=0.588193, adapted=0, config=28, misses=8, 32 fonts
w [77 ]a  Unichar-id=83, rating=0.587289, adapted=0, config=28, misses=9, 32 fonts
m [6d ]a  Unichar-id=11, rating=0.576098, adapted=0, config=29, misses=9, 32 fonts
u [75 ]a  Unichar-id=31, rating=0.543677, adapted=0, config=12, misses=12, 32 fonts
“ [201c ]p  Unichar-id=19, rating=0.513888, adapted=0, config=12, misses=7, 32 fonts
N [4e ]A  Unichar-id=39, rating=0.507252, adapted=0, config=28, misses=7, 32 fonts
H [48 ]A  Unichar-id=54, rating=0.503366, adapted=0, config=12, misses=8, 32 fonts
W [57 ]A  Unichar-id=45, rating=0.497973, adapted=0, config=28, misses=10, 32 fonts
h [68 ]a  Unichar-id=21, rating=0.463836, adapted=0, config=12, misses=8, 32 fonts
AD Matches =  m [6d ]a  Unichar-id=11, rating=0.605244, adapted=0, config=29, misses=8, 32 fonts
M [4d ]A  Unichar-id=76, rating=0.547932, adapted=0, config=13, misses=7, 32 fonts
n [6e ]a  Unichar-id=15, rating=0.459348, adapted=0, config=9, misses=16, 32 fonts
AD Matches =  m [6d ]a  Unichar-id=11, rating=0.612776, adapted=0, config=18, misses=9, 32 fonts
u [75 ]a  Unichar-id=31, rating=0.561279, adapted=0, config=12, misses=9, 32 fonts
M [4d ]A  Unichar-id=76, rating=0.528501, adapted=0, config=22, misses=5, 32 fonts
AD Matches =  m [6d ]a  Unichar-id=11, rating=0.655444, adapted=0, config=29, misses=3, 32 fonts
w [77 ]a  Unichar-id=83, rating=0.523682, adapted=0, config=27, misses=5, 32 fonts
AD Matches =  m [6d ]a  Unichar-id=11, rating=0.603477, adapted=0, config=29, misses=5, 32 fonts
M [4d ]A  Unichar-id=76, rating=0.568049, adapted=0, config=21, misses=3, 32 fonts
“ [201c ]p  Unichar-id=19, rating=0.502055, adapted=0, config=12, misses=8, 32 fonts
N [4e ]A  Unichar-id=39, rating=0.491553, adapted=0, config=28, misses=7, 32 fonts
w [77 ]a  Unichar-id=83, rating=0.483791, adapted=0, config=12, misses=6, 32 fonts
” [201d ]p  Unichar-id=109, rating=0.467263, adapted=0, config=12, misses=13, 32 fonts
AD Matches =  m [6d ]a  Unichar-id=11, rating=0.628692, adapted=0, config=28, misses=6, 32 fonts
N [4e ]A  Unichar-id=39, rating=0.566762, adapted=0, config=28, misses=8, 32 fonts
w [77 ]a  Unichar-id=83, rating=0.564782, adapted=0, config=26, misses=6, 32 fonts
M [4d ]A  Unichar-id=76, rating=0.549725, adapted=0, config=21, misses=6, 32 fonts
W [57 ]A  Unichar-id=45, rating=0.540034, adapted=0, config=11, misses=6, 32 fonts
“ [201c ]p  Unichar-id=19, rating=0.487959, adapted=0, config=12, misses=12, 32 fonts
AD Matches =  m [6d ]a  Unichar-id=11, rating=0.543648, adapted=0, config=18, misses=9, 32 fonts
M [4d ]A  Unichar-id=76, rating=0.533049, adapted=0, config=22, misses=4, 32 fonts
u [75 ]a  Unichar-id=31, rating=0.515094, adapted=0, config=31, misses=6, 32 fonts
N [4e ]A  Unichar-id=39, rating=0.501056, adapted=0, config=28, misses=3, 32 fonts
a [61 ]a  Unichar-id=14, rating=0.495866, adapted=0, config=24, misses=4, 32 fonts
“ [201c ]p  Unichar-id=19, rating=0.493877, adapted=0, config=12, misses=2, 32 fonts
ﬂ [fb02 ]a  Unichar-id=92, rating=0.473233, adapted=0, config=25, misses=3, 32 fonts
H [48 ]A  Unichar-id=54, rating=0.456243, adapted=0, config=30, misses=4, 32 fonts
ﬁ [fb01 ]a  Unichar-id=108, rating=0.448538, adapted=0, config=1, misses=3, 32 fonts
” [201d ]p  Unichar-id=109, rating=0.429745, adapted=0, config=12, misses=5, 32 fonts
AD Matches =  x [78 ]a  Unichar-id=61, rating=0.466981, adapted=0, config=13, misses=6, 32 fonts
& [26 ]p  Unichar-id=60, rating=0.366098, adapted=0, config=29, misses=8, 32 fonts
AD Matches =  u [75 ]a  Unichar-id=31, rating=0.691348, adapted=0, config=18, misses=1, 32 fonts
" [22 ]p  Unichar-id=44, rating=0.671782, adapted=0, config=9, misses=0, 32 fonts
n [6e ]a  Unichar-id=15, rating=0.655738, adapted=0, config=28, misses=1, 32 fonts
“ [201c ]p  Unichar-id=19, rating=0.632929, adapted=0, config=30, misses=0, 32 fonts
w [77 ]a  Unichar-id=83, rating=0.599528, adapted=0, config=29, misses=0, 32 fonts
” [201d ]p  Unichar-id=109, rating=0.593878, adapted=0, config=12, misses=0, 32 fonts
H [48 ]A  Unichar-id=54, rating=0.590553, adapted=0, config=29, misses=0, 32 fonts
AD Matches =  w [77 ]a  Unichar-id=83, rating=0.50203, adapted=0, config=28, misses=9, 32 fonts
@ [40 ]p  Unichar-id=49, rating=0.454294, adapted=0, config=29, misses=11, 32 fonts
W [57 ]A  Unichar-id=45, rating=0.435917, adapted=0, config=28, misses=9, 32 fonts
% [25 ]p  Unichar-id=5, rating=0.431566, adapted=0, config=30, misses=7, 32 fonts
ﬂ [fb02 ]a  Unichar-id=92, rating=0.425559, adapted=0, config=29, misses=10, 32 fonts
® [ae ]  Unichar-id=105, rating=0.413144, adapted=0, config=1, misses=15, 32 fonts
ﬁ [fb01 ]a  Unichar-id=108, rating=0.410601, adapted=0, config=22, misses=6, 32 fonts
¢ [a2 ]  Unichar-id=51, rating=0.375751, adapted=0, config=14, misses=14, 32 fonts
AD Matches =  m [6d ]a  Unichar-id=11, rating=0.562299, adapted=0, config=2, misses=4, 32 fonts
w [77 ]a  Unichar-id=83, rating=0.456223, adapted=0, config=27, misses=6, 32 fonts
AD Matches =  J [4a ]A  Unichar-id=85, rating=0.531948, adapted=0, config=0, misses=5, 32 fonts
AD Matches =  m [6d ]a  Unichar-id=11, rating=0.724853, adapted=0, config=21, misses=0, 32 fonts
AD Matches =  M [4d ]A  Unichar-id=76, rating=0.56971, adapted=0, config=3, misses=6, 32 fonts
u [75 ]a  Unichar-id=31, rating=0.505528, adapted=0, config=24, misses=14, 32 fonts
w [77 ]a  Unichar-id=83, rating=0.499716, adapted=0, config=12, misses=9, 32 fonts
N [4e ]A  Unichar-id=39, rating=0.495649, adapted=0, config=28, misses=9, 32 fonts
AD Matches =  w [77 ]a  Unichar-id=83, rating=0.626295, adapted=0, config=11, misses=3, 32 fonts
m [6d ]a  Unichar-id=11, rating=0.608364, adapted=0, config=29, misses=9, 32 fonts
W [57 ]A  Unichar-id=45, rating=0.579599, adapted=0, config=2, misses=4, 32 fonts
N [4e ]A  Unichar-id=39, rating=0.541151, adapted=0, config=28, misses=8, 32 fonts
M [4d ]A  Unichar-id=76, rating=0.505646, adapted=0, config=4, misses=6, 32 fonts
AD Matches =  n [6e ]a  Unichar-id=15, rating=0.737735, adapted=0, config=28, misses=0, 32 fonts
u [75 ]a  Unichar-id=31, rating=0.698184, adapted=0, config=31, misses=1, 32 fonts
“ [201c ]p  Unichar-id=19, rating=0.672677, adapted=0, config=12, misses=0, 32 fonts
” [201d ]p  Unichar-id=109, rating=0.659017, adapted=0, config=12, misses=0, 32 fonts
m [6d ]a  Unichar-id=11, rating=0.63744, adapted=0, config=24, misses=0, 32 fonts
H [48 ]A  Unichar-id=54, rating=0.601342, adapted=0, config=0, misses=0, 32 fonts
" [22 ]p  Unichar-id=44, rating=0.595971, adapted=0, config=12, misses=0, 32 fonts
AD Matches =  M [4d ]A  Unichar-id=76, rating=0.562761, adapted=0, config=21, misses=4, 32 fonts
w [77 ]a  Unichar-id=83, rating=0.55298, adapted=0, config=28, misses=3, 32 fonts
W [57 ]A  Unichar-id=45, rating=0.491758, adapted=0, config=1, misses=3, 32 fonts
AD Matches =  m [6d ]a  Unichar-id=11, rating=0.640598, adapted=0, config=29, misses=7, 32 fonts
M [4d ]A  Unichar-id=76, rating=0.625811, adapted=0, config=21, misses=9, 32 fonts
w [77 ]a  Unichar-id=83, rating=0.621361, adapted=0, config=11, misses=4, 32 fonts
N [4e ]A  Unichar-id=39, rating=0.59249, adapted=0, config=28, misses=8, 32 fonts
h [68 ]a  Unichar-id=21, rating=0.578726, adapted=0, config=21, misses=5, 32 fonts
W [57 ]A  Unichar-id=45, rating=0.52214, adapted=0, config=1, misses=7, 32 fonts
AD Matches =  w [77 ]a  Unichar-id=83, rating=0.580843, adapted=0, config=28, misses=1, 32 fonts
q [71 ]a  Unichar-id=82, rating=0.550645, adapted=0, config=28, misses=4, 32 fonts
W [57 ]A  Unichar-id=45, rating=0.523709, adapted=0, config=17, misses=3, 32 fonts
¢ [a2 ]  Unichar-id=51, rating=0.483453, adapted=0, config=13, misses=8, 32 fonts
a [61 ]a  Unichar-id=14, rating=0.481146, adapted=0, config=27, misses=7, 32 fonts
ﬂ [fb02 ]a  Unichar-id=92, rating=0.459069, adapted=0, config=29, misses=3, 32 fonts
AD Matches =  u [75 ]a  Unichar-id=31, rating=0.675863, adapted=0, config=18, misses=1, 32 fonts
n [6e ]a  Unichar-id=15, rating=0.638788, adapted=0, config=21, misses=0, 32 fonts
" [22 ]p  Unichar-id=44, rating=0.634103, adapted=0, config=21, misses=0, 32 fonts
“ [201c ]p  Unichar-id=19, rating=0.62936, adapted=0, config=30, misses=0, 32 fonts
w [77 ]a  Unichar-id=83, rating=0.600435, adapted=0, config=13, misses=0, 32 fonts
” [201d ]p  Unichar-id=109, rating=0.578299, adapted=0, config=12, misses=1, 32 fonts
H [48 ]A  Unichar-id=54, rating=0.568766, adapted=0, config=29, misses=0, 32 fonts
U [55 ]A  Unichar-id=27, rating=0.542992, adapted=0, config=29, misses=3, 32 fonts
AD Matches =  h [68 ]a  Unichar-id=21, rating=0.736766, adapted=0, config=21, misses=0, 32 fonts
n [6e ]a  Unichar-id=15, rating=0.658769, adapted=0, config=22, misses=7, 32 fonts
u [75 ]a  Unichar-id=31, rating=0.641208, adapted=0, config=28, misses=6, 32 fonts
Final Ratings Matrix:
Ratings Matrix (top 3 choices)
col=0 row=0 k rat=9.12294 cert=-11.0581 ( rat=9.85213 cert=-11.942 F rat=10.864 cert=-13.1685 4 rat=10.8757 cert=-13.1827 
col=0 row=1 O rat=17.2167 cert=-9.18226 8 rat=17.3506 cert=-9.25363 e rat=19.733 cert=-10.5242 > rat=20.4738 cert=-10.9194 “ rat=22.0968 cert=-11.785 
col=0 row=2 N rat=26.6966 cert=-9.12704 % rat=27.3166 cert=-9.33901 [ rat=28.367 cert=-9.69811 W rat=29.1882 cert=-9.97889 8 rat=29.4918 cert=-10.0827 / rat=29.6082 cert=-10.1225 e rat=30.8159 cert=-10.5353 & rat=31.8098 cert=-10.8751 x rat=32.2605 cert=-11.0292 y rat=33.3599 cert=-11.4051 
col=0 row=4 N rat=38.661 cert=-7.93046 % rat=42.1152 cert=-8.63902 / rat=48.5497 cert=-9.9589 W rat=49.5736 cert=-10.1689 ¢ rat=50.3304 cert=-10.3242 y rat=51.9419 cert=-10.6547 

col=1 row=1 , rat=9.63462 cert=-7.13675 l rat=11.8536 cert=-8.78047 

col=2 row=2 ’ rat=3.18245 cert=-3.0309 
col=2 row=4 N rat=20.6733 cert=-6.89111 ¢ rat=28.5791 cert=-9.52637 
col=2 row=5 % rat=40.6624 cert=-8.6058 [ rat=46.7276 cert=-9.88943 ¢ rat=47.2768 cert=-10.0057 W rat=47.6612 cert=-10.087 

col=3 row=3 , rat=10.6784 cert=-9.49188 F rat=11.3567 cert=-10.0948 é rat=12.6613 cert=-11.2545 } rat=12.8028 cert=-11.3802 | rat=12.9353 cert=-11.498 + rat=13.0416 cert=-11.5925 \ rat=13.1167 cert=-11.6593 k rat=13.1653 cert=-11.7025 9 rat=13.3073 cert=-11.8287 M rat=13.8066 cert=-12.2725 
col=3 row=4 T rat=18.2064 cert=-9.33662 5 rat=19.3817 cert=-9.93935 [ rat=20.5266 cert=-10.5265 / rat=21.5115 cert=-11.0316 ! rat=22.2717 cert=-11.4214 & rat=23.6863 cert=-12.1468 
col=3 row=5 N rat=27.8801 cert=-7.74448 [ rat=31.5879 cert=-8.77441 % rat=33.9479 cert=-9.42997 

col=4 row=4 r rat=10.5396 cert=-14.0527 ! rat=11.221 cert=-14.9614 k rat=11.3846 cert=-15.1794 | rat=11.568 cert=-15.424 4 rat=11.7039 cert=-15.6052 

col=5 row=5 _ rat=5.03773 cert=-2.92042 9 rat=7.47882 cert=-4.33555 M rat=7.69676 cert=-4.46189 Q rat=9.69526 cert=-5.62044 G rat=9.89934 cert=-5.73875 

col=6 row=6 R rat=7.52758 cert=-3.58456 2 rat=13.7048 cert=-6.52607 
col=6 row=7 5 rat=16.0674 cert=-4.55812 ™ rat=21.899 cert=-6.21248 e rat=24.1524 cert=-6.85174 € rat=25.5455 cert=-7.24694 x rat=25.8977 cert=-7.34687 
col=6 row=9 N rat=42.5891 cert=-7.18804 % rat=44.3414 cert=-7.48379 ¢ rat=44.8687 cert=-7.57278 W rat=48.2899 cert=-8.15019 T rat=49.9209 cert=-8.42547 X rat=56.6264 cert=-9.55719 

col=7 row=7 é rat=11.5713 cert=-7.34685 | rat=14.0099 cert=-8.89515 8 rat=14.5175 cert=-9.21745 k rat=15.1481 cert=-9.61784 

col=8 row=8 ’ rat=4.78574 cert=-4.55785 _ rat=7.50637 cert=-7.14892 
col=8 row=9 [ rat=14.8153 cert=-6.17304 V rat=15.7545 cert=-6.56436 5 rat=16.5246 cert=-6.88523 / rat=17.6194 cert=-7.34143 ¢ rat=19.2227 cert=-8.00944 y rat=19.4939 cert=-8.12244 & rat=19.6535 cert=-8.18894 
col=8 row=11 ¢ rat=48.552 cert=-9.95939 J rat=53.2063 cert=-10.9141 X rat=54.9981 cert=-11.2817 E rat=55.4223 cert=-11.3687 e rat=56.008 cert=-11.4888 p rat=57.2185 cert=-11.7371 x rat=57.4664 cert=-11.788 Z rat=60.8643 cert=-12.485 

col=9 row=9 R rat=10.0326 cert=-7.86873 2 rat=11.944 cert=-9.36785 « rat=12.1992 cert=-9.56802 l rat=12.4826 cert=-9.79031 I rat=12.9814 cert=-10.1815 ; rat=12.9844 cert=-10.1839 Q rat=13.2038 cert=-10.3559 ( rat=13.769 cert=-10.7992 
col=9 row=11 N rat=33.5026 cert=-8.75885 ¢ rat=39.1251 cert=-10.2288 Z rat=39.332 cert=-10.2829 

col=10 row=10 4 rat=12.1544 cert=-7.04601 R rat=12.6167 cert=-7.31403 “ rat=15.5123 cert=-8.99264 ! rat=15.7728 cert=-9.14366 
col=10 row=11 T rat=18.956 cert=-7.65898 ] rat=20.1695 cert=-8.14928 ! rat=25.3768 cert=-10.2532 
col=10 row=12 N rat=29.2282 cert=-8.11894 T rat=29.2291 cert=-8.11919 % rat=32.6062 cert=-9.05728 ¢ rat=37.4244 cert=-10.3957 W rat=38.2021 cert=-10.6117 / rat=39.6311 cert=-11.0086 
col=10 row=13 % rat=40.7689 cert=-8.23614 ¢ rat=40.8584 cert=-8.25422 N rat=41.9663 cert=-8.47803 [ rat=45.1759 cert=-9.12645 / rat=48.1251 cert=-9.72223 W rat=48.7821 cert=-9.85497 & rat=49.1668 cert=-9.93268 X rat=49.7007 cert=-10.0405 T rat=53.0802 cert=-10.7233 

col=11 row=11 k rat=8.38446 cert=-10.163 é rat=8.54968 cert=-10.3632 

col=12 row=12 é rat=9.39283 cert=-8.34918 k rat=9.99365 cert=-8.88324 
col=12 row=13 [ rat=15.5084 cert=-6.46182 V rat=16.519 cert=-6.88291 5 rat=16.9007 cert=-7.04195 / rat=17.1468 cert=-7.14448 & rat=19.558 cert=-8.14918 ¢ rat=20.2924 cert=-8.45517 y rat=21.2109 cert=-8.83789 e rat=21.5742 cert=-8.98926 
col=12 row=14 N rat=19.3979 cert=-5.50295 

col=13 row=13 R rat=10.2632 cert=-8.04954 2 rat=11.982 cert=-9.39763 « rat=12.2095 cert=-9.57609 , rat=12.7521 cert=-10.0016 ; rat=12.9337 cert=-10.1441 I rat=13.0064 cert=-10.2011 Q rat=13.3123 cert=-10.441 ( rat=13.7729 cert=-10.8023 9 rat=14.0099 cert=-10.9882 
col=13 row=14 5 rat=12.5887 cert=-5.2453 [ rat=14.4872 cert=-6.03632 / rat=15.7115 cert=-6.54646 y rat=16.3672 cert=-6.81966 N rat=17.4029 cert=-7.25121 & rat=19.1356 cert=-7.97317 V rat=19.3934 cert=-8.08059 

col=14 row=14 ’ rat=4.58619 cert=-4.3678 _ rat=7.37098 cert=-7.01998 
col=14 row=15 N rat=25.6055 cert=-8.75403 ¢ rat=31.811 cert=-10.8755 

col=15 row=15 0 rat=13.7045 cert=-7.30909 | rat=16.392 cert=-8.74241 
col=15 row=16 | rat=28.783 cert=-10.6604 “ rat=34.2307 cert=-12.678 

col=16 row=16 ’ rat=3.55761 cert=-4.31225 
col=16 row=17 i rat=23.8707 cert=-9.36105 

col=17 row=17 _ rat=9.21293 cert=-5.34083 9 rat=10.8141 cert=-6.26904 5 rat=10.9343 cert=-6.33871 F rat=11.8143 cert=-6.84888 ~ rat=12.1291 cert=-7.03138 8 rat=12.6325 cert=-7.32318 4 rat=13.057 cert=-7.56929 z rat=13.1513 cert=-7.62395 R rat=13.3412 cert=-7.73404 G rat=13.3598 cert=-7.74479 
col=17 row=18 T rat=14.6095 cert=-5.26468 5 rat=18.9383 cert=-6.82463 [ rat=19.9129 cert=-7.17583 
col=17 row=20 N rat=43.2258 cert=-7.89513 % rat=49.5015 cert=-9.04137 5 rat=59.2014 cert=-10.813 

col=18 row=18 é rat=8.30812 cert=-7.9125 k rat=8.96026 cert=-8.53358 
col=18 row=19 [ rat=15.5586 cert=-6.48275 5 rat=17.3382 cert=-7.22424 V rat=17.5631 cert=-7.31794 / rat=17.7907 cert=-7.41281 ¢ rat=19.1791 cert=-7.9913 y rat=20.2416 cert=-8.43401 & rat=20.6992 cert=-8.62468 A rat=21.9364 cert=-9.14016 
col=18 row=20 N rat=27.1612 cert=-7.24299 
col=18 row=21 N rat=43.443 cert=-7.42616 W rat=50.6888 cert=-8.66475 ¢ rat=50.9205 cert=-8.70436 % rat=52.6822 cert=-9.0055 X rat=53.816 cert=-9.19932 / rat=59.9088 cert=-10.2408 

col=19 row=19 R rat=10.0326 cert=-7.86873 2 rat=11.944 cert=-9.36785 « rat=12.1992 cert=-9.56802 l rat=12.4826 cert=-9.79031 I rat=12.9814 cert=-10.1815 ; rat=12.9844 cert=-10.1839 Q rat=13.2038 cert=-10.3559 ( rat=13.769 cert=-10.7992 
col=19 row=20 [ rat=24.0419 cert=-8.90439 5 rat=24.9525 cert=-9.24165 N rat=25.2302 cert=-9.34451 / rat=25.6215 cert=-9.48945 € rat=26.1418 cert=-9.68214 " rat=27.0699 cert=-10.0259 ! rat=27.2567 cert=-10.0951 8 rat=28.7804 cert=-10.6594 T rat=28.9121 cert=-10.7082 e rat=29.0124 cert=-10.7453 
col=19 row=21 % rat=41.3191 cert=-8.74478 ¢ rat=42.2434 cert=-8.9404 X rat=48.0289 cert=-10.1648 

col=20 row=20 > rat=15.3589 cert=-11.377 k rat=16.3245 cert=-12.0922 “ rat=17.738 cert=-13.1393 
col=20 row=21 ¢ rat=28.9218 cert=-8.38314 ¥ rat=31.0055 cert=-8.9871 X rat=32.8641 cert=-9.52581 Z rat=35.6417 cert=-10.3309 8 rat=35.8009 cert=-10.3771 e rat=37.3242 cert=-10.8186 

col=21 row=21 I rat=11.386 cert=-5.42191 - rat=11.5125 cert=-5.48215 U rat=14.3706 cert=-6.84313 
col=21 row=23 ¢ rat=33.6335 cert=-7.4741 N rat=35.2473 cert=-7.83273 X rat=37.8361 cert=-8.40803 W rat=41.2964 cert=-9.17698 % rat=44.4919 cert=-9.88708 

col=22 row=22 ! rat=16.4135 cert=-13.6779 “ rat=16.8324 cert=-14.027 k rat=16.9956 cert=-14.163 
col=22 row=23 [ rat=15.0686 cert=-6.2786 8 rat=19.63 cert=-8.17918 ¥ rat=19.9397 cert=-8.30822 

col=23 row=23 R rat=8.99324 cert=-7.49437 2 rat=10.6113 cert=-8.84277 ¢ rat=10.8973 cert=-9.08109 - rat=11.0111 cert=-9.17593 m rat=11.5186 cert=-9.59886 « rat=11.6189 cert=-9.68243 F rat=12.4187 cert=-10.3489 


	0	1	2	3	4	5	6	7	8	9	10	11	12	13	14	15	16	17	18	19	20	21	22	23
0	k ( F 	
1	O 8 e 	, l 	
2	N % [ 	 	’ 	
3	 	 	 	, F é 	
4	N % / 	 	N ¢ 	T 5 [ 	r ! k 	
5	 	 	% [ ¢ 	N [ % 	 	_ 9 M 	
6	 	 	 	 	 	 	R 2 	
7	 	 	 	 	 	 	5 ™ e 	é | 8 	
8	 	 	 	 	 	 	 	 	’ _ 	
9	 	 	 	 	 	 	N % ¢ 	 	[ V 5 	R 2 « 	
10	 	 	 	 	 	 	 	 	 	 	4 R “ 	
11	 	 	 	 	 	 	 	 	¢ J X 	N ¢ Z 	T ] ! 	k é 	
12	 	 	 	 	 	 	 	 	 	 	N T % 	 	é k 	
13	 	 	 	 	 	 	 	 	 	 	% ¢ N 	 	[ V 5 	R 2 « 	
14	 	 	 	 	 	 	 	 	 	 	 	 	N 	5 [ / 	’ _ 	
15	 	 	 	 	 	 	 	 	 	 	 	 	 	 	N ¢ 	0 | 	
16	 	 	 	 	 	 	 	 	 	 	 	 	 	 	 	| “ 	’ 	
17	 	 	 	 	 	 	 	 	 	 	 	 	 	 	 	 	i 	_ 9 5 	
18	 	 	 	 	 	 	 	 	 	 	 	 	 	 	 	 	 	T 5 [ 	é k 	
19	 	 	 	 	 	 	 	 	 	 	 	 	 	 	 	 	 	 	[ 5 V 	R 2 « 	
20	 	 	 	 	 	 	 	 	 	 	 	 	 	 	 	 	 	N % 5 	N 	[ 5 N 	> k “ 	
21	 	 	 	 	 	 	 	 	 	 	 	 	 	 	 	 	 	 	N W ¢ 	% ¢ X 	¢ ¥ X 	I - U 	
22	 	 	 	 	 	 	 	 	 	 	 	 	 	 	 	 	 	 	 	 	 	 	! “ k 	
23	 	 	 	 	 	 	 	 	 	 	 	 	 	 	 	 	 	 	 	 	 	¢ N X 	[ 8 ¥ 	R 2 ¢ 	
set_done(): done=0
 : dmlnuhms.lmyu : R=265.002, C=-9.18226, F=1.75, Perm=2, xht=[0,32767], ambig=0
pos	NORM	NORM	NORM	NORM	NORM	NORM	NORM	NORM	NORM	NORM	NORM	SUB	NORM
str	d	m	l	n	u	h	m	s	.	l	m	y	u
state:	2 	3 	1 	2 	2 	2 	3 	1 	1 	1 	3 	1 	2 
C	-9.182	-6.891	-4.336	-4.558	-6.173	-7.659	-5.503	-7.309	-4.312	-6.269	-7.243	-5.422	-6.279
Permuter Type = 2
Certainty: -9.182261     Rating: 265.001709
Dict word: 0
Running word_adaptable() for dmlnuhms.lmyu rating 265.0017 certainty -9.1823
tess_would_adapt bit is false
tess_accepted bit is false
Best choice: accepted=0, adaptable=0, done=0 : Lang result : dmlnuhms.lmyu : R=265.002, C=-9.18226, F=1.75, Perm=2, xht=[0,32767], ambig=0
pos	NORM	NORM	NORM	NORM	NORM	NORM	NORM	NORM	NORM	NORM	NORM	SUB	NORM
str	d	m	l	n	u	h	m	s	.	l	m	y	u
state:	2 	3 	1 	2 	2 	2 	3 	1 	1 	1 	3 	1 	2 
C	-9.182	-6.891	-4.336	-4.558	-6.173	-7.659	-5.503	-7.309	-4.312	-6.269	-7.243	-5.422	-6.279
1 new words better than 0 old words: r: 265.002 v 0 c: -9.18226 v 0 valid dict: 0 v 0
dmlnuhms.lmyu (ocr took 0.02 sec)
Pass1: dmlnuhms.lmyu [d [64 ]a m [6d ]a l [6c ]a n [6e ]a u [75 ]a h [68 ]a m [6d ]a s [73 ]a . [2e ]p l [6c ]a m [6d ]a y [79 ]a u [75 ]a ]
Processing word with lang eng at:Bounding box=(737,1406)->(764,1437)
Trying word using lang eng, oem 2
Best choice: accepted=0, adaptable=0, done=1 : Lang result : @ : R=3.71937, C=-16.8949, F=1, Perm=8, xht=[0,3.40282e+38], ambig=0
pos	NORM
str	@
state:	1 
C	-2.414
1 new words better than 0 old words: r: 3.71937 v 0 c: -16.8949 v 0 valid dict: 1 v 0
@ (ocr took 0.00 sec)
Pass1: @ [@ [40 ]p ]
Processing word with lang eng at:Bounding box=(234,1369)->(273,1406)
Trying word using lang eng, oem 2
AD Matches =  . [2e ]p  Unichar-id=55, rating=0.796678, adapted=0, config=28, misses=0, 32 fonts
AD Matches =  L [4c ]A  Unichar-id=94, rating=0.428, adapted=0, config=22, misses=3, 32 fonts
k [6b ]a  Unichar-id=48, rating=0.36093, adapted=0, config=13, misses=0, 32 fonts
AD Matches =  r [72 ]a  Unichar-id=8, rating=0.637072, adapted=0, config=28, misses=0, 32 fonts
y [79 ]a  Unichar-id=9, rating=0.531861, adapted=0, config=30, misses=0, 32 fonts
f [66 ]a  Unichar-id=38, rating=0.525293, adapted=0, config=18, misses=3, 32 fonts
; [3b ]p  Unichar-id=89, rating=0.512466, adapted=0, config=26, misses=7, 32 fonts
, [2c ]p  Unichar-id=17, rating=0.501336, adapted=0, config=0, misses=2, 32 fonts
x [78 ]a  Unichar-id=61, rating=0.495689, adapted=0, config=25, misses=3, 32 fonts
AD Matches =  . [2e ]p  Unichar-id=55, rating=0.87471, adapted=0, config=28, misses=0, 32 fonts
AD Matches =  ‘ [2018 ]p  Unichar-id=107, rating=0.336115, adapted=0, config=25, misses=1, 32 fonts
AD Matches =  | [7c ]  Unichar-id=57, rating=0.864058, adapted=0, config=31, misses=0, 32 fonts
AD Matches =  ; [3b ]p  Unichar-id=89, rating=0.502038, adapted=0, config=28, misses=4, 32 fonts
1 [31 ]0  Unichar-id=16, rating=0.492047, adapted=0, config=17, misses=3, 32 fonts
} [7d ]p  Unichar-id=69, rating=0.442862, adapted=0, config=9, misses=0, 32 fonts
l [6c ]a  Unichar-id=33, rating=0.406457, adapted=0, config=13, misses=4, 32 fonts
) [29 ]p  Unichar-id=66, rating=0.401095, adapted=0, config=25, misses=6, 32 fonts
AD Matches =  . [2e ]p  Unichar-id=55, rating=0.607601, adapted=0, config=0, misses=4, 32 fonts
AD Matches =  g [67 ]a  Unichar-id=42, rating=0.476338, adapted=0, config=8, misses=6, 32 fonts
u [75 ]a  Unichar-id=31, rating=0.469497, adapted=0, config=12, misses=8, 32 fonts
U [55 ]A  Unichar-id=27, rating=0.469059, adapted=0, config=12, misses=9, 32 fonts
“ [201c ]p  Unichar-id=19, rating=0.449789, adapted=0, config=12, misses=2, 32 fonts
” [201d ]p  Unichar-id=109, rating=0.437949, adapted=0, config=12, misses=7, 32 fonts
ﬂ [fb02 ]a  Unichar-id=92, rating=0.431486, adapted=0, config=24, misses=3, 32 fonts
m [6d ]a  Unichar-id=11, rating=0.428137, adapted=0, config=31, misses=3, 32 fonts
M [4d ]A  Unichar-id=76, rating=0.424386, adapted=0, config=5, misses=4, 32 fonts
H [48 ]A  Unichar-id=54, rating=0.407492, adapted=0, config=28, misses=4, 32 fonts
n [6e ]a  Unichar-id=15, rating=0.400777, adapted=0, config=9, misses=6, 32 fonts
AD Matches =  m [6d ]a  Unichar-id=11, rating=0.432175, adapted=0, config=8, misses=6, 32 fonts
u [75 ]a  Unichar-id=31, rating=0.407694, adapted=0, config=5, misses=7, 32 fonts
& [26 ]p  Unichar-id=60, rating=0.360913, adapted=0, config=29, misses=1, 32 fonts
K [4b ]A  Unichar-id=43, rating=0.331816, adapted=0, config=12, misses=5, 32 fonts
“ [201c ]p  Unichar-id=19, rating=0.313642, adapted=0, config=30, misses=9, 32 fonts
h [68 ]a  Unichar-id=21, rating=0.298729, adapted=0, config=18, misses=7, 32 fonts
a [61 ]a  Unichar-id=14, rating=0.285647, adapted=0, config=26, misses=11, 32 fonts
AD Matches =  h [68 ]a  Unichar-id=21, rating=0.544506, adapted=0, config=18, misses=0, 32 fonts
k [6b ]a  Unichar-id=48, rating=0.528346, adapted=0, config=22, misses=2, 32 fonts
u [75 ]a  Unichar-id=31, rating=0.5268, adapted=0, config=19, misses=1, 32 fonts
n [6e ]a  Unichar-id=15, rating=0.526665, adapted=0, config=18, misses=3, 32 fonts
“ [201c ]p  Unichar-id=19, rating=0.472669, adapted=0, config=25, misses=1, 32 fonts
a [61 ]a  Unichar-id=14, rating=0.415555, adapted=0, config=18, misses=4, 32 fonts
AD Matches =  4 [34 ]0  Unichar-id=74, rating=0.646772, adapted=0, config=29, misses=4, 32 fonts
J [4a ]A  Unichar-id=85, rating=0.619421, adapted=0, config=25, misses=3, 32 fonts
u [75 ]a  Unichar-id=31, rating=0.600352, adapted=0, config=19, misses=2, 32 fonts
d [64 ]a  Unichar-id=23, rating=0.599852, adapted=0, config=29, misses=2, 32 fonts
a [61 ]a  Unichar-id=14, rating=0.593676, adapted=0, config=15, misses=4, 32 fonts
¢ [a2 ]  Unichar-id=51, rating=0.537329, adapted=0, config=28, misses=1, 32 fonts
AD Matches =  J [4a ]A  Unichar-id=85, rating=0.547803, adapted=0, config=13, misses=2, 32 fonts
AD Matches =  “ [201c ]p  Unichar-id=19, rating=0.544987, adapted=0, config=31, misses=1, 32 fonts
u [75 ]a  Unichar-id=31, rating=0.531677, adapted=0, config=10, misses=2, 32 fonts
n [6e ]a  Unichar-id=15, rating=0.525059, adapted=0, config=28, misses=3, 32 fonts
” [201d ]p  Unichar-id=109, rating=0.514217, adapted=0, config=12, misses=3, 32 fonts
ﬁ [fb01 ]a  Unichar-id=108, rating=0.401779, adapted=0, config=28, misses=3, 32 fonts
AD Matches =  m [6d ]a  Unichar-id=11, rating=0.648834, adapted=0, config=18, misses=4, 32 fonts
u [75 ]a  Unichar-id=31, rating=0.610527, adapted=0, config=28, misses=9, 32 fonts
M [4d ]A  Unichar-id=76, rating=0.585068, adapted=0, config=3, misses=5, 32 fonts
n [6e ]a  Unichar-id=15, rating=0.578196, adapted=0, config=29, misses=7, 32 fonts
w [77 ]a  Unichar-id=83, rating=0.528498, adapted=0, config=26, misses=4, 32 fonts
“ [201c ]p  Unichar-id=19, rating=0.519183, adapted=0, config=12, misses=5, 32 fonts
a [61 ]a  Unichar-id=14, rating=0.515279, adapted=0, config=27, misses=7, 32 fonts
N [4e ]A  Unichar-id=39, rating=0.51165, adapted=0, config=28, misses=8, 32 fonts
ﬂ [fb02 ]a  Unichar-id=92, rating=0.506002, adapted=0, config=1, misses=4, 32 fonts
” [201d ]p  Unichar-id=109, rating=0.503527, adapted=0, config=12, misses=10, 32 fonts
AD Matches =  n [6e ]a  Unichar-id=15, rating=0.797733, adapted=0, config=28, misses=0, 32 fonts
" [22 ]p  Unichar-id=44, rating=0.712003, adapted=0, config=29, misses=0, 32 fonts
u [75 ]a  Unichar-id=31, rating=0.693427, adapted=0, config=22, misses=3, 32 fonts
“ [201c ]p  Unichar-id=19, rating=0.668601, adapted=0, config=30, misses=0, 32 fonts
” [201d ]p  Unichar-id=109, rating=0.667203, adapted=0, config=12, misses=1, 32 fonts
ﬂ [fb02 ]a  Unichar-id=92, rating=0.651209, adapted=0, config=1, misses=1, 32 fonts
AD Matches =  m [6d ]a  Unichar-id=11, rating=0.650613, adapted=0, config=24, misses=8, 32 fonts
M [4d ]A  Unichar-id=76, rating=0.586038, adapted=0, config=3, misses=9, 32 fonts
N [4e ]A  Unichar-id=39, rating=0.519934, adapted=0, config=28, misses=9, 32 fonts
w [77 ]a  Unichar-id=83, rating=0.517821, adapted=0, config=29, misses=8, 32 fonts
AD Matches =  m [6d ]a  Unichar-id=11, rating=0.55586, adapted=0, config=18, misses=5, 32 fonts
J [4a ]A  Unichar-id=85, rating=0.454247, adapted=0, config=17, misses=7, 32 fonts
ﬁ [fb01 ]a  Unichar-id=108, rating=0.421965, adapted=0, config=27, misses=0, 32 fonts
AD Matches =  m [6d ]a  Unichar-id=11, rating=0.722075, adapted=0, config=9, misses=0, 32 fonts
AD Matches =  m [6d ]a  Unichar-id=11, rating=0.587545, adapted=0, config=9, misses=2, 32 fonts
w [77 ]a  Unichar-id=83, rating=0.537451, adapted=0, config=27, misses=5, 32 fonts
AD Matches =  ﬂ [fb02 ]a  Unichar-id=92, rating=0.437252, adapted=0, config=27, misses=2, 32 fonts
w [77 ]a  Unichar-id=83, rating=0.405174, adapted=0, config=20, misses=3, 32 fonts
ﬁ [fb01 ]a  Unichar-id=108, rating=0.404772, adapted=0, config=26, misses=1, 32 fonts
$ [24 ]  Unichar-id=64, rating=0.328088, adapted=0, config=19, misses=9, 32 fonts
& [26 ]p  Unichar-id=60, rating=0.315413, adapted=0, config=24, misses=4, 32 fonts
AD Matches =  m [6d ]a  Unichar-id=11, rating=0.567591, adapted=0, config=18, misses=5, 32 fonts
w [77 ]a  Unichar-id=83, rating=0.523959, adapted=0, config=28, misses=3, 32 fonts
M [4d ]A  Unichar-id=76, rating=0.477379, adapted=0, config=28, misses=8, 32 fonts
W [57 ]A  Unichar-id=45, rating=0.471451, adapted=0, config=31, misses=9, 32 fonts
@ [40 ]p  Unichar-id=49, rating=0.442351, adapted=0, config=7, misses=11, 32 fonts
N [4e ]A  Unichar-id=39, rating=0.41909, adapted=0, config=28, misses=14, 32 fonts
AD Matches =  w [77 ]a  Unichar-id=83, rating=0.558524, adapted=0, config=26, misses=2, 32 fonts
m [6d ]a  Unichar-id=11, rating=0.543034, adapted=0, config=19, misses=4, 32 fonts
M [4d ]A  Unichar-id=76, rating=0.516933, adapted=0, config=5, misses=8, 32 fonts
W [57 ]A  Unichar-id=45, rating=0.487142, adapted=0, config=11, misses=7, 32 fonts
N [4e ]A  Unichar-id=39, rating=0.483644, adapted=0, config=20, misses=3, 32 fonts
“ [201c ]p  Unichar-id=19, rating=0.462753, adapted=0, config=12, misses=6, 32 fonts
AD Matches =  w [77 ]a  Unichar-id=83, rating=0.589456, adapted=0, config=12, misses=2, 32 fonts
m [6d ]a  Unichar-id=11, rating=0.569451, adapted=0, config=17, misses=3, 32 fonts
W [57 ]A  Unichar-id=45, rating=0.556846, adapted=0, config=28, misses=6, 32 fonts
M [4d ]A  Unichar-id=76, rating=0.531009, adapted=0, config=5, misses=5, 32 fonts
@ [40 ]p  Unichar-id=49, rating=0.484569, adapted=0, config=29, misses=8, 32 fonts
AD Matches =  w [77 ]a  Unichar-id=83, rating=0.551816, adapted=0, config=28, misses=9, 32 fonts
m [6d ]a  Unichar-id=11, rating=0.548358, adapted=0, config=24, misses=11, 32 fonts
W [57 ]A  Unichar-id=45, rating=0.513431, adapted=0, config=28, misses=15, 32 fonts
M [4d ]A  Unichar-id=76, rating=0.485452, adapted=0, config=3, misses=8, 32 fonts
N [4e ]A  Unichar-id=39, rating=0.471117, adapted=0, config=28, misses=14, 32 fonts
@ [40 ]p  Unichar-id=49, rating=0.45164, adapted=0, config=28, misses=15, 32 fonts
® [ae ]  Unichar-id=105, rating=0.415435, adapted=0, config=12, misses=14, 32 fonts
AD Matches =  m [6d ]a  Unichar-id=11, rating=0.551027, adapted=0, config=21, misses=12, 32 fonts
M [4d ]A  Unichar-id=76, rating=0.513884, adapted=0, config=21, misses=9, 32 fonts
N [4e ]A  Unichar-id=39, rating=0.511573, adapted=0, config=31, misses=11, 32 fonts
w [77 ]a  Unichar-id=83, rating=0.489348, adapted=0, config=28, misses=12, 32 fonts
ﬂ [fb02 ]a  Unichar-id=92, rating=0.417315, adapted=0, config=12, misses=7, 32 fonts
“ [201c ]p  Unichar-id=19, rating=0.401713, adapted=0, config=12, misses=15, 32 fonts
AD Matches =  w [77 ]a  Unichar-id=83, rating=0.572615, adapted=0, config=3, misses=3, 32 fonts
m [6d ]a  Unichar-id=11, rating=0.568986, adapted=0, config=9, misses=6, 32 fonts
W [57 ]A  Unichar-id=45, rating=0.554346, adapted=0, config=31, misses=5, 32 fonts
M [4d ]A  Unichar-id=76, rating=0.495648, adapted=0, config=28, misses=10, 32 fonts
N [4e ]A  Unichar-id=39, rating=0.473907, adapted=0, config=28, misses=8, 32 fonts
Final Ratings Matrix:
Ratings Matrix (top 3 choices)
col=0 row=0 ’ rat=4.26976 cert=-4.06644 
col=0 row=1 / rat=20.4756 cert=-9.10027 [ rat=21.0745 cert=-9.36646 5 rat=21.3724 cert=-9.49883 y rat=21.8602 cert=-9.71565 x rat=26.9199 cert=-11.9644 
col=0 row=2 N rat=31.5143 cert=-11.3565 [ rat=32.873 cert=-11.8461 “ rat=35.4693 cert=-12.7817 " rat=37.0842 cert=-13.3637 / rat=38.0928 cert=-13.7272 T rat=38.9205 cert=-14.0254 8 rat=39.6466 cert=-14.2871 
col=0 row=3 ¢ rat=36.4217 cert=-8.82951 N rat=37.6997 cert=-9.13931 % rat=39.8531 cert=-9.66135 X rat=42.3108 cert=-10.2572 W rat=42.5994 cert=-10.3271 / rat=44.3229 cert=-10.7449 
col=0 row=4 ¢ rat=43.7229 cert=-8.21087 N rat=45.8534 cert=-8.61098 X rat=47.1959 cert=-8.86309 % rat=49.9476 cert=-9.37983 J rat=54.8934 cert=-10.3086 
col=0 row=5 ¢ rat=52.5684 cert=-8.5477 N rat=53.0147 cert=-8.62028 X rat=54.8155 cert=-8.91308 % rat=62.0353 cert=-10.087 W rat=64.7094 cert=-10.5219 

col=1 row=1 l rat=11.9511 cert=-9.95925 F rat=12.1909 cert=-10.1591 \ rat=13.3713 cert=-11.1428 9 rat=14.245 cert=-11.8709 } rat=14.3737 cert=-11.9781 
col=1 row=2 o rat=20.592 cert=-11.44 ! rat=23.0065 cert=-12.7814 
col=1 row=3 > rat=32.9907 cert=-10.4732 [ rat=33.4217 cert=-10.6101 A rat=33.4493 cert=-10.6188 / rat=34.6633 cert=-11.0042 y rat=35.4092 cert=-11.241 e rat=35.8164 cert=-11.3703 N rat=36.0274 cert=-11.4373 % rat=36.2637 cert=-11.5123 & rat=37.328 cert=-11.8502 5 rat=37.751 cert=-11.9845 
col=1 row=4 N rat=35.2649 cert=-8.24911 ¢ rat=39.5479 cert=-9.25098 
col=1 row=5 N rat=44.7544 cert=-8.64819 ¢ rat=49.2702 cert=-9.52081 % rat=54.0913 cert=-10.4524 X rat=54.7048 cert=-10.571 J rat=57.7167 cert=-11.153 W rat=60.1242 cert=-11.6182 
col=1 row=6 ¢ rat=61.8493 cert=-8.96367 N rat=62.3266 cert=-9.03284 X rat=67.1466 cert=-9.73139 % rat=71.0076 cert=-10.291 W rat=72.9859 cert=-10.5777 J rat=75.6737 cert=-10.9672 p rat=80.67 cert=-11.6913 

col=2 row=2 ’ rat=6.47458 cert=-7.84797 
col=2 row=3 i rat=19.6706 cert=-9.04393 
col=2 row=4 N rat=29.9795 cert=-8.88281 i rat=36.8383 cert=-10.9151 x rat=39.0173 cert=-11.5607 
col=2 row=5 e rat=47.2708 cert=-11.255 ¢ rat=49.9654 cert=-11.8965 x rat=49.9991 cert=-11.9046 6 rat=56.4406 cert=-13.4382 “ rat=57.5053 cert=-13.6917 
col=2 row=6 N rat=53.2033 cert=-8.97946 % rat=57.6048 cert=-9.72232 W rat=57.8786 cert=-9.76854 ¢ rat=60.5122 cert=-10.213 e rat=69.0481 cert=-11.6537 / rat=70.897 cert=-11.9657 

col=3 row=3 R rat=9.79906 cert=-7.25856 I rat=12.6397 cert=-9.36277 2 rat=12.8171 cert=-9.49415 l rat=13.1634 cert=-9.75067 , rat=13.4639 cert=-9.97328 | rat=13.6164 cert=-10.0862 
col=3 row=4 5 rat=10.3156 cert=-4.04534 V rat=14.6879 cert=-5.75994 [ rat=15.6352 cert=-6.13147 / rat=16.9013 cert=-6.62797 y rat=16.9726 cert=-6.65594 e rat=17.7883 cert=-6.97582 
col=3 row=5 N rat=18.7599 cert=-5.5585 
col=3 row=6 N rat=35.6375 cert=-6.98774 % rat=42.2242 cert=-8.27925 W rat=48.9667 cert=-9.60132 ¢ rat=49.1822 cert=-9.64357 

col=4 row=4 ’ rat=2.81902 cert=-2.5058 
col=4 row=5 T rat=18.4475 cert=-9.10988 ! rat=19.102 cert=-9.43307 [ rat=19.1646 cert=-9.464 5 rat=19.1701 cert=-9.4667 / rat=21.3569 cert=-10.5466 8 rat=23.67 cert=-11.6889 
col=4 row=6 N rat=26.3374 cert=-7.02332 [ rat=29.2105 cert=-7.78946 % rat=31.1199 cert=-8.29865 5 rat=31.6353 cert=-8.43608 ¢ rat=35.3626 cert=-9.43003 / rat=36.0613 cert=-9.61634 8 rat=36.3541 cert=-9.69442 W rat=36.6262 cert=-9.767 e rat=37.0499 cert=-9.87996 y rat=37.2355 cert=-9.92945 

col=5 row=5 k rat=11.9499 cert=-13.2777 
col=5 row=6 » rat=18.0147 cert=-7.06457 i rat=19.4095 cert=-7.61158 [ rat=20.3821 cert=-7.99297 O rat=20.4075 cert=-8.00296 8 rat=20.7225 cert=-8.12647 Z rat=23.5962 cert=-9.25342 

col=6 row=6 _ rat=4.68998 cert=-2.71883 


	0	1	2	3	4	5	6
0	’ 	
1	/ [ 5 	l F \ 	
2	N [ “ 	o ! 	’ 	
3	¢ N % 	> [ A 	i 	R I 2 	
4	¢ N X 	N ¢ 	N i x 	5 V [ 	’ 	
5	¢ N X 	N ¢ % 	e ¢ x 	N 	T ! [ 	k 	
6	 	¢ N X 	N % W 	N % W 	N [ % 	» i [ 	_ 	
set_done(): done=0
 : .;.nd : R=70.5126, C=-9.95925, F=1.5, Perm=2, xht=[9.52078,10.035], ambig=0
pos	NORM	NORM	NORM	NORM	NORM
str	.	;	.	n	d
state:	1 	1 	1 	2 	2 
C	-4.066	-9.959	-7.848	-4.045	-8.003
Permuter Type = 2
Certainty: -9.959248     Rating: 70.512550
Dict word: 0
Running word_adaptable() for .;.nd rating 70.5126 certainty -9.9592
tess_would_adapt bit is false
tess_accepted bit is false
Best choice: accepted=0, adaptable=0, done=0 : Lang result : .;.nd : R=70.5126, C=-9.95925, F=1.5, Perm=2, xht=[9.52078,10.035], ambig=0
pos	NORM	NORM	NORM	NORM	NORM
str	.	;	.	n	d
state:	1 	1 	1 	2 	2 
C	-4.066	-9.959	-7.848	-4.045	-8.003
1 new words better than 0 old words: r: 70.5126 v 0 c: -9.95925 v 0 valid dict: 0 v 0
.;.nd (ocr took 0.01 sec)
Pass1: .;.nd [. [2e ]p ; [3b ]p . [2e ]p n [6e ]a d [64 ]a ]
Processing word with lang eng at:Bounding box=(281,1368)->(364,1397)
Trying word using lang eng, oem 2
Best choice: accepted=1, adaptable=0, done=1 : Lang result : Witzig, : R=4.05022, C=-1.9278, F=1, Perm=2, xht=[0,3.40282e+38], ambig=0
pos	NORM	NORM	NORM	NORM	NORM	NORM	NORM
str	W	i	t	z	i	g	,
state:	1 	1 	1 	1 	1 	1 	1 
C	-0.196	-0.214	-0.246	-0.275	-0.202	-0.193	-0.197
Best choice: accepted=0, adaptable=0, done=1 : Lang result : Ha : R=1.65229, C=-4.48858, F=1, Perm=2, xht=[0,3.40282e+38], ambig=0
pos	NORM	NORM
str	H	a
state:	1 	1 
C	-0.200	-0.641
1 new words better than 0 old words: r: 4.05022 v 0 c: -1.9278 v 0 valid dict: 0 v 0
1 new words better than 0 old words: r: 1.65229 v 0 c: -4.48858 v 0 valid dict: 0 v 0
Ha (ocr took 0.01 sec)
Pass1: Ha [H [48 ]A a [61 ]a ]
Processing word with lang eng at:Bounding box=(366,1369)->(456,1402)
Trying word using lang eng, oem 2
Best choice: accepted=0, adaptable=0, done=1 : Lang result : Gibiick : R=29.178, C=-39.4088, F=1, Perm=2, xht=[0,3.40282e+38], ambig=0
pos	NORM	NORM	NORM	NORM	NORM	NORM	NORM
str	G	i	b	i	i	c	k
state:	1 	1 	1 	1 	1 	1 	1 
C	-5.630	-3.329	-3.483	-5.025	-0.637	-1.892	-3.721
Best choice: accepted=0, adaptable=0, done=1 : Lang result : o4 : R=5.89738, C=-16.8632, F=1, Perm=8, xht=[0,3.40282e+38], ambig=0
pos	NORM	NORM
str	o	4
state:	1 	1 
C	-2.058	-2.409
1 new words better than 0 old words: r: 29.178 v 0 c: -39.4088 v 0 valid dict: 0 v 0
1 new words better than 0 old words: r: 5.89738 v 0 c: -16.8632 v 0 valid dict: 1 v 0
o4 (ocr took 0.01 sec)
Pass1: o4 [o [6f ]a 4 [34 ]0 ]
Processing word with lang eng at:Bounding box=(135,1342)->(392,1367)
Trying word using lang eng, oem 2
Best choice: accepted=1, adaptable=0, done=1 : Lang result : Cover : R=3.50738, C=-1.49758, F=1, Perm=2, xht=[0,3.40282e+38], ambig=0
pos	NORM	NORM	NORM	NORM	NORM
str	C	o	v	e	r
state:	1 	1 	1 	1 	1 
C	-0.214	-0.195	-0.208	-0.193	-0.195
Best choice: accepted=1, adaptable=0, done=1 : Lang result : design: : R=4.28002, C=-2.3979, F=1, Perm=2, xht=[0,3.40282e+38], ambig=0
pos	NORM	NORM	NORM	NORM	NORM	NORM	NORM
str	d	e	s	i	g	n	:
state:	1 	1 	1 	1 	1 	1 	1 
C	-0.343	-0.202	-0.192	-0.210	-0.236	-0.193	-0.204
Best choice: accepted=1, adaptable=0, done=1 : Lang result : Dirk : R=2.5503, C=-1.62253, F=1, Perm=2, xht=[0,3.40282e+38], ambig=0
pos	NORM	NORM	NORM	NORM
str	D	i	r	k
state:	1 	1 	1 	1 
C	-0.232	-0.197	-0.199	-0.193
Best choice: accepted=0, adaptable=0, done=1 : Lang result : Lieb : R=2.83517, C=-9.81529, F=1, Perm=2, xht=[0,3.40282e+38], ambig=0
pos	NORM	NORM	NORM	NORM
str	L	i	e	b
state:	1 	1 	1 	1 
C	-0.192	-0.198	-0.445	-0.230
1 new words better than 0 old words: r: 3.50738 v 0 c: -1.49758 v 0 valid dict: 0 v 0
1 new words better than 0 old words: r: 4.28002 v 0 c: -2.3979 v 0 valid dict: 0 v 0
1 new words better than 0 old words: r: 2.5503 v 0 c: -1.62253 v 0 valid dict: 0 v 0
1 new words better than 0 old words: r: 2.83517 v 0 c: -9.81529 v 0 valid dict: 0 v 0
Lieb (ocr took 0.02 sec)
Pass1: Lieb [L [4c ]A i [69 ]a e [65 ]a b [62 ]a ]
Processing word with lang eng at:Bounding box=(393,1313)->(459,1390)
Trying word using lang eng, oem 2
AD Matches =  ? [3f ]p  Unichar-id=91, rating=0.501905, adapted=0, config=30, misses=11, 32 fonts
f [66 ]a  Unichar-id=38, rating=0.490534, adapted=0, config=11, misses=11, 32 fonts
$ [24 ]  Unichar-id=64, rating=0.463245, adapted=0, config=18, misses=6, 32 fonts
§ [a7 ]  Unichar-id=110, rating=0.461593, adapted=0, config=24, misses=13, 32 fonts
y [79 ]a  Unichar-id=9, rating=0.428627, adapted=0, config=10, misses=2, 32 fonts
¥ [a5 ]  Unichar-id=72, rating=0.420271, adapted=0, config=15, misses=14, 32 fonts
K [4b ]A  Unichar-id=43, rating=0.413917, adapted=0, config=25, misses=11, 32 fonts
ﬁ [fb01 ]a  Unichar-id=108, rating=0.387917, adapted=0, config=26, misses=9, 32 fonts
AD Matches =  . [2e ]p  Unichar-id=55, rating=0.847549, adapted=0, config=28, misses=3, 32 fonts
, [2c ]p  Unichar-id=17, rating=0.710556, adapted=0, config=1, misses=2, 32 fonts
AD Matches =  t [74 ]a  Unichar-id=37, rating=0.522074, adapted=0, config=22, misses=5, 32 fonts
% [25 ]p  Unichar-id=5, rating=0.515403, adapted=0, config=26, misses=0, 32 fonts
w [77 ]a  Unichar-id=83, rating=0.503237, adapted=0, config=6, misses=0, 32 fonts
” [201d ]p  Unichar-id=109, rating=0.500582, adapted=0, config=16, misses=1, 32 fonts
v [76 ]a  Unichar-id=7, rating=0.491893, adapted=0, config=25, misses=3, 32 fonts
$ [24 ]  Unichar-id=64, rating=0.484256, adapted=0, config=29, misses=5, 32 fonts
M [4d ]A  Unichar-id=76, rating=0.470998, adapted=0, config=26, misses=2, 32 fonts
¢ [a2 ]  Unichar-id=51, rating=0.463574, adapted=0, config=2, misses=7, 32 fonts
* [2a ]p  Unichar-id=63, rating=0.461826, adapted=0, config=2, misses=7, 32 fonts
¥ [a5 ]  Unichar-id=72, rating=0.454356, adapted=0, config=29, misses=1, 32 fonts
AD Matches =  3 [33 ]0  Unichar-id=79, rating=0.578968, adapted=0, config=18, misses=7, 32 fonts
} [7d ]p  Unichar-id=69, rating=0.577262, adapted=0, config=21, misses=9, 32 fonts
§ [a7 ]  Unichar-id=110, rating=0.568637, adapted=0, config=15, misses=6, 32 fonts
; [3b ]p  Unichar-id=89, rating=0.541433, adapted=0, config=0, misses=12, 32 fonts
$ [24 ]  Unichar-id=64, rating=0.501342, adapted=0, config=23, misses=5, 32 fonts
£ [a3 ]  Unichar-id=65, rating=0.500951, adapted=0, config=16, misses=10, 32 fonts
g [67 ]a  Unichar-id=42, rating=0.489487, adapted=0, config=22, misses=7, 32 fonts
E [45 ]A  Unichar-id=24, rating=0.486131, adapted=0, config=29, misses=10, 32 fonts
Q [51 ]A  Unichar-id=96, rating=0.47728, adapted=0, config=25, misses=12, 32 fonts
ﬁ [fb01 ]a  Unichar-id=108, rating=0.475592, adapted=0, config=10, misses=4, 32 fonts
AD Matches =  ” [201d ]p  Unichar-id=109, rating=0.707731, adapted=0, config=26, misses=1, 32 fonts
" [22 ]p  Unichar-id=44, rating=0.695628, adapted=0, config=22, misses=5, 32 fonts
“ [201c ]p  Unichar-id=19, rating=0.68745, adapted=0, config=30, misses=1, 32 fonts
' [27 ]p  Unichar-id=93, rating=0.669347, adapted=0, config=17, misses=14, 32 fonts
’ [2019 ]p  Unichar-id=112, rating=0.629269, adapted=0, config=1, misses=8, 32 fonts
* [2a ]p  Unichar-id=63, rating=0.575526, adapted=0, config=24, misses=6, 32 fonts
AD Matches =  § [a7 ]  Unichar-id=110, rating=0.527573, adapted=0, config=1, misses=4, 32 fonts
; [3b ]p  Unichar-id=89, rating=0.514691, adapted=0, config=17, misses=10, 32 fonts
} [7d ]p  Unichar-id=69, rating=0.507553, adapted=0, config=30, misses=7, 32 fonts
Q [51 ]A  Unichar-id=96, rating=0.468804, adapted=0, config=25, misses=11, 32 fonts
A [41 ]A  Unichar-id=10, rating=0.453394, adapted=0, config=10, misses=11, 32 fonts
ﬁ [fb01 ]a  Unichar-id=108, rating=0.453268, adapted=0, config=4, misses=6, 32 fonts
k [6b ]a  Unichar-id=48, rating=0.433842, adapted=0, config=25, misses=8, 32 fonts
& [26 ]p  Unichar-id=60, rating=0.411636, adapted=0, config=30, misses=8, 32 fonts
i [69 ]a  Unichar-id=12, rating=0.383519, adapted=0, config=4, misses=10, 32 fonts
AD Matches =  ‘ [2018 ]p  Unichar-id=107, rating=0.69564, adapted=0, config=7, misses=3, 32 fonts
* [2a ]p  Unichar-id=63, rating=0.594338, adapted=0, config=16, misses=2, 32 fonts
AD Matches =  ; [3b ]p  Unichar-id=89, rating=0.694126, adapted=0, config=23, misses=4, 32 fonts
1 [31 ]0  Unichar-id=16, rating=0.672083, adapted=0, config=16, misses=8, 32 fonts
: [3a ]p  Unichar-id=78, rating=0.654684, adapted=0, config=17, misses=11, 32 fonts
§ [a7 ]  Unichar-id=110, rating=0.638315, adapted=0, config=23, misses=2, 32 fonts
£ [a3 ]  Unichar-id=65, rating=0.622701, adapted=0, config=15, misses=2, 32 fonts
g [67 ]a  Unichar-id=42, rating=0.620746, adapted=0, config=23, misses=3, 32 fonts
$ [24 ]  Unichar-id=64, rating=0.611015, adapted=0, config=31, misses=2, 32 fonts
Q [51 ]A  Unichar-id=96, rating=0.602309, adapted=0, config=25, misses=7, 32 fonts
z [7a ]a  Unichar-id=77, rating=0.595479, adapted=0, config=30, misses=2, 32 fonts
s [73 ]a  Unichar-id=35, rating=0.59141, adapted=0, config=31, misses=3, 32 fonts
AD Matches =  ; [3b ]p  Unichar-id=89, rating=0.553398, adapted=0, config=25, misses=5, 32 fonts
¢ [a2 ]  Unichar-id=51, rating=0.483851, adapted=0, config=29, misses=3, 32 fonts
1 [31 ]0  Unichar-id=16, rating=0.446156, adapted=0, config=18, misses=2, 32 fonts
x [78 ]a  Unichar-id=61, rating=0.444964, adapted=0, config=25, misses=4, 32 fonts
t [74 ]a  Unichar-id=37, rating=0.416194, adapted=0, config=1, misses=2, 32 fonts
¥ [a5 ]  Unichar-id=72, rating=0.408038, adapted=0, config=18, misses=0, 32 fonts
AD Matches =  * [2a ]p  Unichar-id=63, rating=0.644982, adapted=0, config=10, misses=0, 32 fonts
' [27 ]p  Unichar-id=93, rating=0.610029, adapted=0, config=21, misses=4, 32 fonts
~ [7e ]  Unichar-id=103, rating=0.590755, adapted=0, config=22, misses=4, 32 fonts
‘ [2018 ]p  Unichar-id=107, rating=0.542132, adapted=0, config=11, misses=0, 32 fonts
¥ [a5 ]  Unichar-id=72, rating=0.528118, adapted=0, config=18, misses=0, 32 fonts
AD Matches =  ' [27 ]p  Unichar-id=93, rating=0.430273, adapted=0, config=26, misses=0, 32 fonts
¢ [a2 ]  Unichar-id=51, rating=0.430104, adapted=0, config=22, misses=0, 32 fonts
: [3a ]p  Unichar-id=78, rating=0.414229, adapted=0, config=30, misses=4, 32 fonts
‘ [2018 ]p  Unichar-id=107, rating=0.388048, adapted=0, config=22, misses=0, 32 fonts
l [6c ]a  Unichar-id=33, rating=0.383007, adapted=0, config=23, misses=1, 32 fonts
1 [31 ]0  Unichar-id=16, rating=0.351049, adapted=0, config=20, misses=0, 32 fonts
& [26 ]p  Unichar-id=60, rating=0.341766, adapted=0, config=19, misses=0, 32 fonts
AD Matches =  , [2c ]p  Unichar-id=17, rating=0.699039, adapted=0, config=7, misses=10, 32 fonts
AD Matches =  ‘ [2018 ]p  Unichar-id=107, rating=0.673991, adapted=0, config=25, misses=7, 32 fonts
“ [201c ]p  Unichar-id=19, rating=0.65919, adapted=0, config=19, misses=8, 32 fonts
* [2a ]p  Unichar-id=63, rating=0.636261, adapted=0, config=26, misses=2, 32 fonts
AD Matches =  ’ [2019 ]p  Unichar-id=112, rating=0.777794, adapted=0, config=22, misses=2, 32 fonts
“ [201c ]p  Unichar-id=19, rating=0.728675, adapted=0, config=30, misses=1, 32 fonts
‘ [2018 ]p  Unichar-id=107, rating=0.721332, adapted=0, config=30, misses=4, 32 fonts
” [201d ]p  Unichar-id=109, rating=0.720572, adapted=0, config=7, misses=3, 32 fonts
AD Matches =  ' [27 ]p  Unichar-id=93, rating=0.925035, adapted=0, config=22, misses=1, 32 fonts
‘ [2018 ]p  Unichar-id=107, rating=0.834206, adapted=0, config=11, misses=0, 32 fonts
" [22 ]p  Unichar-id=44, rating=0.805448, adapted=0, config=21, misses=2, 32 fonts
’ [2019 ]p  Unichar-id=112, rating=0.797269, adapted=0, config=12, misses=0, 32 fonts
AD Matches =  ” [201d ]p  Unichar-id=109, rating=0.634808, adapted=0, config=10, misses=3, 32 fonts
“ [201c ]p  Unichar-id=19, rating=0.622981, adapted=0, config=24, misses=7, 32 fonts
AD Matches =  w [77 ]a  Unichar-id=83, rating=0.480255, adapted=0, config=4, misses=6, 32 fonts
& [26 ]p  Unichar-id=60, rating=0.47405, adapted=0, config=20, misses=5, 32 fonts
ﬁ [fb01 ]a  Unichar-id=108, rating=0.429574, adapted=0, config=20, misses=2, 32 fonts
¢ [a2 ]  Unichar-id=51, rating=0.406003, adapted=0, config=2, misses=8, 32 fonts
} [7d ]p  Unichar-id=69, rating=0.345958, adapted=0, config=4, misses=4, 32 fonts
AD Matches =  } [7d ]p  Unichar-id=69, rating=0.555993, adapted=0, config=29, misses=6, 32 fonts
3 [33 ]0  Unichar-id=79, rating=0.484018, adapted=0, config=9, misses=7, 32 fonts
& [26 ]p  Unichar-id=60, rating=0.480267, adapted=0, config=23, misses=4, 32 fonts
% [25 ]p  Unichar-id=5, rating=0.444949, adapted=0, config=22, misses=0, 32 fonts
k [6b ]a  Unichar-id=48, rating=0.444165, adapted=0, config=13, misses=3, 32 fonts
Q [51 ]A  Unichar-id=96, rating=0.418282, adapted=0, config=4, misses=9, 32 fonts
ﬁ [fb01 ]a  Unichar-id=108, rating=0.416005, adapted=0, config=14, misses=3, 32 fonts
a [61 ]a  Unichar-id=14, rating=0.406352, adapted=0, config=9, misses=9, 32 fonts
AD Matches =  § [a7 ]  Unichar-id=110, rating=0.6272, adapted=0, config=5, misses=2, 32 fonts
% [25 ]p  Unichar-id=5, rating=0.566852, adapted=0, config=11, misses=3, 32 fonts
? [3f ]p  Unichar-id=91, rating=0.524055, adapted=0, config=26, misses=7, 32 fonts
AD Matches =  T [54 ]A  Unichar-id=20, rating=0.525104, adapted=0, config=23, misses=4, 32 fonts
? [3f ]p  Unichar-id=91, rating=0.513551, adapted=0, config=20, misses=4, 32 fonts
7 [37 ]0  Unichar-id=87, rating=0.504975, adapted=0, config=2, misses=6, 32 fonts
f [66 ]a  Unichar-id=38, rating=0.453435, adapted=0, config=11, misses=3, 32 fonts
ﬂ [fb02 ]a  Unichar-id=92, rating=0.436423, adapted=0, config=12, misses=0, 32 fonts
i [69 ]a  Unichar-id=12, rating=0.414989, adapted=0, config=9, misses=3, 32 fonts
ﬁ [fb01 ]a  Unichar-id=108, rating=0.409545, adapted=0, config=17, misses=0, 32 fonts
AD Matches =  T [54 ]A  Unichar-id=20, rating=0.422008, adapted=0, config=31, misses=5, 32 fonts
5 [35 ]0  Unichar-id=3, rating=0.397588, adapted=0, config=25, misses=8, 32 fonts
f [66 ]a  Unichar-id=38, rating=0.354072, adapted=0, config=11, misses=6, 32 fonts
? [3f ]p  Unichar-id=91, rating=0.315413, adapted=0, config=6, misses=6, 32 fonts
ﬁ [fb01 ]a  Unichar-id=108, rating=0.301205, adapted=0, config=26, misses=4, 32 fonts
ﬂ [fb02 ]a  Unichar-id=92, rating=0.289895, adapted=0, config=19, misses=4, 32 fonts
AD Matches =  ” [201d ]p  Unichar-id=109, rating=0.588871, adapted=0, config=22, misses=6, 32 fonts
“ [201c ]p  Unichar-id=19, rating=0.584933, adapted=0, config=22, misses=12, 32 fonts
¢ [a2 ]  Unichar-id=51, rating=0.484949, adapted=0, config=15, misses=1, 32 fonts
AD Matches =  ? [3f ]p  Unichar-id=91, rating=0.581451, adapted=0, config=15, misses=9, 32 fonts
f [66 ]a  Unichar-id=38, rating=0.580909, adapted=0, config=18, misses=8, 32 fonts
$ [24 ]  Unichar-id=64, rating=0.573783, adapted=0, config=23, misses=4, 32 fonts
§ [a7 ]  Unichar-id=110, rating=0.56221, adapted=0, config=10, misses=4, 32 fonts
€ [20ac ]  Unichar-id=106, rating=0.562104, adapted=0, config=6, misses=9, 31 fonts
¥ [a5 ]  Unichar-id=72, rating=0.548089, adapted=0, config=27, misses=5, 32 fonts
S [53 ]A  Unichar-id=56, rating=0.533441, adapted=0, config=19, misses=11, 32 fonts
{ [7b ]p  Unichar-id=68, rating=0.52518, adapted=0, config=20, misses=8, 32 fonts
£ [a3 ]  Unichar-id=65, rating=0.513975, adapted=0, config=23, misses=7, 32 fonts
: [3a ]p  Unichar-id=78, rating=0.501069, adapted=0, config=14, misses=13, 32 fonts
AD Matches =  ? [3f ]p  Unichar-id=91, rating=0.513837, adapted=0, config=8, misses=4, 32 fonts
¥ [a5 ]  Unichar-id=72, rating=0.489035, adapted=0, config=26, misses=6, 32 fonts
$ [24 ]  Unichar-id=64, rating=0.449598, adapted=0, config=13, misses=6, 32 fonts
AD Matches =  § [a7 ]  Unichar-id=110, rating=0.556051, adapted=0, config=7, misses=8, 32 fonts
$ [24 ]  Unichar-id=64, rating=0.505555, adapted=0, config=18, misses=4, 32 fonts
£ [a3 ]  Unichar-id=65, rating=0.458551, adapted=0, config=27, misses=9, 32 fonts
ﬁ [fb01 ]a  Unichar-id=108, rating=0.442871, adapted=0, config=10, misses=2, 32 fonts
? [3f ]p  Unichar-id=91, rating=0.441263, adapted=0, config=30, misses=10, 32 fonts
Q [51 ]A  Unichar-id=96, rating=0.421124, adapted=0, config=27, misses=15, 32 fonts
AD Matches =  T [54 ]A  Unichar-id=20, rating=0.501729, adapted=0, config=30, misses=12, 32 fonts
? [3f ]p  Unichar-id=91, rating=0.473519, adapted=0, config=27, misses=4, 32 fonts
f [66 ]a  Unichar-id=38, rating=0.429736, adapted=0, config=29, misses=13, 32 fonts
¥ [a5 ]  Unichar-id=72, rating=0.403499, adapted=0, config=10, misses=11, 32 fonts
$ [24 ]  Unichar-id=64, rating=0.371567, adapted=0, config=6, misses=10, 32 fonts
¢ [a2 ]  Unichar-id=51, rating=0.368577, adapted=0, config=20, misses=13, 32 fonts
AD Matches =  r [72 ]a  Unichar-id=8, rating=0.534823, adapted=0, config=12, misses=9, 32 fonts
f [66 ]a  Unichar-id=38, rating=0.531454, adapted=0, config=18, misses=8, 32 fonts
? [3f ]p  Unichar-id=91, rating=0.526427, adapted=0, config=15, misses=9, 32 fonts
F [46 ]A  Unichar-id=34, rating=0.514921, adapted=0, config=12, misses=15, 32 fonts
$ [24 ]  Unichar-id=64, rating=0.499025, adapted=0, config=23, misses=6, 32 fonts
{ [7b ]p  Unichar-id=68, rating=0.478685, adapted=0, config=20, misses=6, 32 fonts
¥ [a5 ]  Unichar-id=72, rating=0.471115, adapted=0, config=15, misses=8, 32 fonts
€ [20ac ]  Unichar-id=106, rating=0.465713, adapted=0, config=30, misses=13, 31 fonts
( [28 ]p  Unichar-id=18, rating=0.418003, adapted=0, config=20, misses=11, 32 fonts
ﬁ [fb01 ]a  Unichar-id=108, rating=0.406073, adapted=0, config=22, misses=12, 32 fonts
AD Matches =  ? [3f ]p  Unichar-id=91, rating=0.518442, adapted=0, config=8, misses=6, 32 fonts
¥ [a5 ]  Unichar-id=72, rating=0.512503, adapted=0, config=8, misses=7, 32 fonts
§ [a7 ]  Unichar-id=110, rating=0.481764, adapted=0, config=12, misses=12, 32 fonts
$ [24 ]  Unichar-id=64, rating=0.460429, adapted=0, config=21, misses=9, 32 fonts
AD Matches =  ? [3f ]p  Unichar-id=91, rating=0.524423, adapted=0, config=15, misses=5, 32 fonts
f [66 ]a  Unichar-id=38, rating=0.523608, adapted=0, config=8, misses=6, 32 fonts
$ [24 ]  Unichar-id=64, rating=0.476861, adapted=0, config=15, misses=6, 32 fonts
ﬁ [fb01 ]a  Unichar-id=108, rating=0.458268, adapted=0, config=28, misses=7, 32 fonts
AD Matches =  T [54 ]A  Unichar-id=20, rating=0.41996, adapted=0, config=30, misses=11, 32 fonts
V [56 ]A  Unichar-id=29, rating=0.400919, adapted=0, config=10, misses=10, 32 fonts
¢ [a2 ]  Unichar-id=51, rating=0.387271, adapted=0, config=29, misses=6, 32 fonts
@ [40 ]p  Unichar-id=49, rating=0.378997, adapted=0, config=30, misses=5, 32 fonts
“ [201c ]p  Unichar-id=19, rating=0.355139, adapted=0, config=20, misses=12, 32 fonts
ﬁ [fb01 ]a  Unichar-id=108, rating=0.349898, adapted=0, config=21, misses=6, 32 fonts
ﬂ [fb02 ]a  Unichar-id=92, rating=0.339095, adapted=0, config=0, misses=8, 32 fonts
v [76 ]a  Unichar-id=7, rating=0.323301, adapted=0, config=25, misses=7, 32 fonts
” [201d ]p  Unichar-id=109, rating=0.322564, adapted=0, config=12, misses=5, 32 fonts
? [3f ]p  Unichar-id=91, rating=0.302794, adapted=0, config=7, misses=8, 32 fonts
AD Matches =  J [4a ]A  Unichar-id=85, rating=0.556175, adapted=0, config=12, misses=3, 32 fonts
ﬂ [fb02 ]a  Unichar-id=92, rating=0.500256, adapted=0, config=27, misses=2, 32 fonts
1 [31 ]0  Unichar-id=16, rating=0.496555, adapted=0, config=13, misses=3, 32 fonts
ﬁ [fb01 ]a  Unichar-id=108, rating=0.496168, adapted=0, config=19, misses=2, 32 fonts
l [6c ]a  Unichar-id=33, rating=0.490183, adapted=0, config=13, misses=5, 32 fonts
i [69 ]a  Unichar-id=12, rating=0.42424, adapted=0, config=10, misses=6, 32 fonts
& [26 ]p  Unichar-id=60, rating=0.409766, adapted=0, config=24, misses=6, 32 fonts
Final Ratings Matrix:
Ratings Matrix (top 3 choices)
col=0 row=0 , rat=9.48027 cert=-6.01922 
col=0 row=1 l rat=17.4348 cert=-6.11748 F rat=18.6913 cert=-6.55834 « rat=19.683 cert=-6.90632 j rat=20.616 cert=-7.2337 { rat=21.506 cert=-7.54598 > rat=21.6175 cert=-7.58508 6 rat=22.1721 cert=-7.77969 g rat=22.6684 cert=-7.95382 £ rat=23.0577 cert=-8.09041 0 rat=23.2896 cert=-8.17179 
col=0 row=2 j rat=43.9357 cert=-9.44853 l rat=45.1337 cert=-9.70617 \ rat=45.7976 cert=-9.84894 g rat=49.4012 cert=-10.6239 K rat=50.8344 cert=-10.9321 x rat=50.8461 cert=-10.9346 ! rat=52.6527 cert=-11.3232 “ rat=54.7179 cert=-11.7673 G rat=57.3327 cert=-12.3296 
col=0 row=3 ° rat=51.787 cert=-8.42065 \ rat=51.9968 cert=-8.45477 j rat=53.0576 cert=-8.62725 l rat=56.4037 cert=-9.17134 6 rat=61.3349 cert=-9.97316 { rat=61.383 cert=-9.98098 > rat=62.7931 cert=-10.2103 Y rat=63.2059 cert=-10.2774 g rat=64.2945 cert=-10.4544 x rat=64.5022 cert=-10.4882 
col=0 row=4 j rat=63.9287 cert=-8.87898 6 rat=71.2 cert=-9.88889 { rat=77.9686 cert=-10.829 x rat=80.2266 cert=-11.1426 t rat=80.4581 cert=-11.1747 g rat=83.3581 cert=-11.5775 
col=0 row=5 t rat=77.7028 cert=-9.9619 2 rat=79.4767 cert=-10.1893 6 rat=83.7338 cert=-10.7351 j rat=83.9915 cert=-10.7681 I rat=89.1341 cert=-11.4275 * rat=90.4377 cert=-11.5946 " rat=91.429 cert=-11.7217 x rat=95.4849 cert=-12.2417 

col=1 row=1 k rat=8.31322 cert=-6.52017 / rat=8.69064 cert=-6.81619 : rat=9.27534 cert=-7.27478 
col=1 row=2 \ rat=30.6365 cert=-8.88015 ° rat=35.6028 cert=-10.3196 “ rat=35.8616 cert=-10.3947 E rat=38.2985 cert=-11.101 ! rat=38.3526 cert=-11.1167 g rat=40.1385 cert=-11.6344 x rat=40.2957 cert=-11.6799 8 rat=40.9617 cert=-11.873 
col=1 row=3 t rat=47.6742 cert=-9.63116 * rat=48.2622 cert=-9.74994 j rat=51.3054 cert=-10.3647 6 rat=53.4175 cert=-10.7914 
col=1 row=4 t rat=56.1518 cert=-9.72326 * rat=59.0164 cert=-10.2193 6 rat=63.5714 cert=-11.008 
col=1 row=5 L rat=63.5295 cert=-9.96542 t rat=67.1264 cert=-10.5296 2 rat=72.7087 cert=-11.4053 * rat=76.0539 cert=-11.93 6 rat=80.1252 cert=-12.5687 Z rat=80.5065 cert=-12.6285 

col=2 row=2 l rat=19.4272 cert=-8.93204 Z rat=22.4525 cert=-10.323 F rat=24.0922 cert=-11.0769 | rat=24.1441 cert=-11.1007 4 rat=25.3956 cert=-11.6761 * rat=25.7503 cert=-11.8392 
col=2 row=3 j rat=28.5192 cert=-7.456 E rat=33.1358 cert=-8.66296 t rat=36.4098 cert=-9.5189 
col=2 row=4 t rat=40.1807 cert=-8.37099 2 rat=40.2327 cert=-8.38181 6 rat=40.9168 cert=-8.52433 j rat=42.0279 cert=-8.75581 d rat=42.038 cert=-8.75792 * rat=43.3834 cert=-9.03822 = rat=44.7897 cert=-9.33119 ; rat=45.5828 cert=-9.49641 { rat=46.6584 cert=-9.72049 « rat=47.8974 cert=-9.97862 
col=2 row=5 R rat=50.2391 cert=-9.30354 2 rat=50.603 cert=-9.37092 t rat=51.1459 cert=-9.47147 7 rat=52.3885 cert=-9.70158 6 rat=54.1053 cert=-10.0195 ; rat=56.302 cert=-10.4263 * rat=57.1195 cert=-10.5777 d rat=57.703 cert=-10.6857 ( rat=62.8557 cert=-11.6399 x rat=64.1441 cert=-11.8785 
col=2 row=6 t rat=54.9292 cert=-9.51154 2 rat=55.0233 cert=-9.52784 6 rat=60.4226 cert=-10.4628 x rat=62.5701 cert=-10.8346 

col=3 row=3 k rat=10.0439 cert=-6.08721 : rat=13.3868 cert=-8.11323 
col=3 row=4 y rat=19.7204 cert=-7.30384 / rat=20.3591 cert=-7.54039 V rat=15.3768 cert=-5.26566 
col=3 row=5 y rat=27.7512 cert=-8.22257 / rat=28.017 cert=-8.30134 Z rat=34.7659 cert=-10.301 
col=3 row=6 L rat=42.633 cert=-11.6008 U rat=44.0324 cert=-11.9816 Z rat=45.0356 cert=-12.2546 J rat=45.6437 cert=-12.4201 / rat=47.3973 cert=-12.8972 x rat=47.7825 cert=-13.002 e rat=48.5765 cert=-13.2181 - rat=49.7374 cert=-13.534 y rat=49.7915 cert=-13.5487 t rat=51.2447 cert=-13.9441 

col=4 row=4 ObjectCache(00007ff8ae934560)::~ObjectCache(): WARNING! LEAK! object 000002173d9cbc60 still has count 1 (id ../../../../tessdata/eng.traineddatapunc-dawg)
ObjectCache(00007ff8ae934560)::~ObjectCache(): WARNING! LEAK! object 000002173d9cbdb0 still has count 1 (id ../../../../tessdata/eng.traineddataword-dawg)
ObjectCache(00007ff8ae934560)::~ObjectCache(): WARNING! LEAK! object 000002173d9cbfe0 still has count 1 (id ../../../../tessdata/eng.traineddatanumber-dawg)
ObjectCache(00007ff8ae934560)::~ObjectCache(): WARNING! LEAK! object 000002173d9cb4f0 still has count 1 (id ../../../../tessdata/eng.traineddatabigram-dawg)
ObjectCache(00007ff8ae934560)::~ObjectCache(): WARNING! LEAK! object 000002173d9cbf00 still has count 1 (id ../../../../tessdata/eng.traineddatafreq-dawg)
