Warning: Parameter not found: debug_baseline_detector_level
Reading ambiguities
Illegal unichar ` in ambiguity specification
Illegal ambiguity specification on line 3
Illegal unichar ` in ambiguity specification
Illegal ambiguity specification on line 4
Illegal unichar ` in ambiguity specification
Illegal ambiguity specification on line 9
Illegal unichar ` in ambiguity specification
Illegal ambiguity specification on line 10
Illegal unichar ` in ambiguity specification
Illegal ambiguity specification on line 11
Illegal unichar ` in ambiguity specification
Illegal ambiguity specification on line 12
Illegal unichar ` in ambiguity specification
Illegal ambiguity specification on line 13
Illegal unichar „ in ambiguity specification
Illegal ambiguity specification on line 18
Illegal unichar ó in ambiguity specification
Illegal ambiguity specification on line 58
Illegal unichar ó in ambiguity specification
Illegal ambiguity specification on line 59
Illegal unichar í in ambiguity specification
Illegal ambiguity specification on line 60
Illegal unichar í in ambiguity specification
Illegal ambiguity specification on line 61
Illegal unichar á in ambiguity specification
Illegal ambiguity specification on line 62
Illegal unichar á in ambiguity specification
Illegal ambiguity specification on line 63
Illegal unichar ú in ambiguity specification
Illegal ambiguity specification on line 66
Illegal unichar ú in ambiguity specification
Illegal ambiguity specification on line 67
Illegal unichar ñ in ambiguity specification
Illegal ambiguity specification on line 68
Illegal unichar ñ in ambiguity specification
Illegal ambiguity specification on line 69
Illegal unichar ñ in ambiguity specification
Illegal ambiguity specification on line 73
Illegal unichar ñ in ambiguity specification
Illegal ambiguity specification on line 75
Illegal unichar í in ambiguity specification
Illegal ambiguity specification on line 77
Illegal unichar í in ambiguity specification
Illegal ambiguity specification on line 78
Illegal unichar à in ambiguity specification
Illegal ambiguity specification on line 79
Illegal unichar è in ambiguity specification
Illegal ambiguity specification on line 80
Illegal unichar ò in ambiguity specification
Illegal ambiguity specification on line 83
Illegal unichar É in ambiguity specification
Illegal ambiguity specification on line 84
Illegal unichar È in ambiguity specification
Illegal ambiguity specification on line 85
Illegal unichar ü in ambiguity specification
Illegal ambiguity specification on line 86
static_cast<unsigned>(id) < this->size():Error:Assert failed:in file ../../../src/ccutil/unicharset.cpp, line 283

real	0m2.457s
user	0m0.015s
sys	0m0.015s
